2026-06-09T15:13:21.079000217Z 
2026-06-09T15:13:21.079025748Z added 46 packages in 4s
2026-06-09T15:13:21.593679323Z ✅ Comando carregado: addrolls (Admin/addrolls.js)
2026-06-09T15:13:21.596469764Z ✅ Comando carregado: backupgithub (Admin/github_backup.js)
2026-06-09T15:13:21.597035719Z ✅ Comando carregado: resetar (Admin/resetar.js)
2026-06-09T15:13:21.598157923Z ✅ Comando carregado: setestatistica (Admin/setestatistica.js)
2026-06-09T15:13:21.599758541Z ✅ Comando carregado: setperfil (Admin/setperfil.js)
2026-06-09T15:13:21.600431721Z ✅ Comando carregado: setstatus (Admin/setstatus.js)
2026-06-09T15:13:21.601002128Z ✅ Comando carregado: armas (Info/armas.js)
2026-06-09T15:13:21.601461479Z ✅ Comando carregado: cargos (Info/cargos.js)
2026-06-09T15:13:21.602450257Z ✅ Comando carregado: estatisticas (Info/estatisticas.js)
2026-06-09T15:13:21.602981741Z ✅ Comando carregado: help (Info/help.js)
2026-06-09T15:13:21.603444459Z ✅ Comando carregado: helpadmin (Info/helpadmin.js)
2026-06-09T15:13:21.604095521Z ✅ Comando carregado: overall (Info/overall.js)
2026-06-09T15:13:21.604671108Z ✅ Comando carregado: perfil (Info/perfil.js)
2026-06-09T15:13:21.618262643Z ✅ Comando carregado: posicao (Info/posicao.js)
2026-06-09T15:13:21.619029135Z ✅ Comando carregado: roll (Info/roll.js)
2026-06-09T15:13:21.619433585Z ✅ Comando carregado: setimagem (Info/setimagem.js)
2026-06-09T15:13:21.620208605Z ✅ Comando carregado: status (Info/status.js)
2026-06-09T15:13:21.621641772Z ✅ Comando carregado: treinar (Info/treinar.js)
2026-06-09T15:13:21.622425733Z ✅ Comando carregado: 1v1 (Partida/1v1.js)
2026-06-09T15:13:21.623238414Z ✅ Comando carregado: bolaparada (Partida/Bolaparada.js)
2026-06-09T15:13:21.623708987Z ✅ Comando carregado: campo (Partida/campo.js)
2026-06-09T15:13:21.624512426Z ✅ Comando carregado: chute (Partida/chute.js)
2026-06-09T15:13:21.625250229Z ✅ Comando carregado: cruzamento (Partida/cruzamento.js)
2026-06-09T15:13:21.626011341Z ✅ Comando carregado: chute (Partida/defender.js)
2026-06-09T15:13:21.626796280Z ✅ Comando carregado: dominar (Partida/dominar.js)
2026-06-09T15:13:21.627418369Z ✅ Comando carregado: driblar (Partida/driblar.js)
2026-06-09T15:13:21.628596387Z ✅ Comando carregado: entrar (Partida/entrar.js)
2026-06-09T15:13:21.628992317Z ✅ Comando carregado: finalizar (Partida/finalizar.js)
2026-06-09T15:13:21.629734975Z ✅ Comando carregado: interceptar (Partida/interceptar.js)
2026-06-09T15:13:21.630420042Z ✅ Comando carregado: marcar (Partida/marcar.js)
2026-06-09T15:13:21.630797346Z ✅ Comando carregado: partida (Partida/partida.js)
2026-06-09T15:13:21.631509372Z ✅ Comando carregado: passe (Partida/passe.js)
2026-06-09T15:13:21.631859059Z ✅ Comando carregado: placar (Partida/placar.js)
2026-06-09T15:13:21.632369571Z ✅ Comando carregado: pontape (Partida/pontape.js)
2026-06-09T15:13:21.632728314Z ✅ Comando carregado: ranking (Partida/ranking.js)
2026-06-09T15:13:21.633441820Z ✅ Comando carregado: desarmar (Partida/roubarbola.js)
2026-06-09T15:13:21.633872352Z ✅ Comando carregado: statusjogo (Partida/statusjogo.js)
2026-06-09T15:13:21.635866762Z ✅ Comando carregado: testar (Partida/testar.js)
2026-06-09T15:13:21.636526617Z ✅ Comando carregado: velocidade (Partida/velocidade.js)
2026-06-09T15:13:21.637857949Z ✅ Comando carregado: familia (Rolls/rollestilo.js)
2026-06-09T15:13:21.637912740Z 📦 Total de comandos carregados: 39
2026-06-09T15:13:21.638967824Z ✅ Evento carregado: guildMemberRemove
2026-06-09T15:13:21.639486262Z ✅ Evento carregado: messageCreate
2026-06-09T15:13:21.639803165Z ✅ Evento carregado: ready
2026-06-09T15:13:22.088150198Z ✅ Bot online! Logado como ✦﹒Rin Itoshi﹒❄#7066
2026-06-09T15:13:22.088617884Z (node:24) DeprecationWarning: The ready event has been renamed to clientReady to distinguish it from the gateway READY event and will only emit under that name in v15. Please use clientReady instead.
2026-06-09T15:13:22.088628540Z (Use `node --trace-deprecation ...` to show where the warning was created)
2026-06-09T15:13:30.518228898Z ✅ Comando carregado: addrolls (Admin/addrolls.js)
2026-06-09T15:13:30.521102339Z ✅ Comando carregado: backupgithub (Admin/github_backup.js)
2026-06-09T15:13:30.521666176Z ✅ Comando carregado: resetar (Admin/resetar.js)
2026-06-09T15:13:30.522834927Z ✅ Comando carregado: setestatistica (Admin/setestatistica.js)
2026-06-09T15:13:30.524306782Z ✅ Comando carregado: setperfil (Admin/setperfil.js)
2026-06-09T15:13:30.524915049Z ✅ Comando carregado: setstatus (Admin/setstatus.js)
2026-06-09T15:13:30.525581977Z ✅ Comando carregado: armas (Info/armas.js)
2026-06-09T15:13:30.525982182Z ✅ Comando carregado: cargos (Info/cargos.js)
2026-06-09T15:13:30.527005406Z ✅ Comando carregado: estatisticas (Info/estatisticas.js)
2026-06-09T15:13:30.527639465Z ✅ Comando carregado: help (Info/help.js)
2026-06-09T15:13:30.528064970Z ✅ Comando carregado: helpadmin (Info/helpadmin.js)
2026-06-09T15:13:30.528780289Z ✅ Comando carregado: overall (Info/overall.js)
2026-06-09T15:13:30.529429360Z ✅ Comando carregado: perfil (Info/perfil.js)
2026-06-09T15:13:30.529780625Z ✅ Comando carregado: posicao (Info/posicao.js)
2026-06-09T15:13:30.530571945Z ✅ Comando carregado: roll (Info/roll.js)
2026-06-09T15:13:30.530906192Z ✅ Comando carregado: setimagem (Info/setimagem.js)
2026-06-09T15:13:30.531631057Z ✅ Comando carregado: status (Info/status.js)
2026-06-09T15:13:30.532672267Z ✅ Comando carregado: treinar (Info/treinar.js)
2026-06-09T15:13:30.533440293Z ✅ Comando carregado: 1v1 (Partida/1v1.js)
2026-06-09T15:13:30.534286622Z ✅ Comando carregado: bolaparada (Partida/Bolaparada.js)
2026-06-09T15:13:30.534731134Z ✅ Comando carregado: campo (Partida/campo.js)
2026-06-09T15:13:30.535581530Z ✅ Comando carregado: chute (Partida/chute.js)
2026-06-09T15:13:30.536294486Z ✅ Comando carregado: cruzamento (Partida/cruzamento.js)
2026-06-09T15:13:30.537044490Z ✅ Comando carregado: chute (Partida/defender.js)
2026-06-09T15:13:30.537788270Z ✅ Comando carregado: dominar (Partida/dominar.js)
2026-06-09T15:13:30.538392449Z ✅ Comando carregado: driblar (Partida/driblar.js)
2026-06-09T15:13:30.539075319Z ✅ Comando carregado: entrar (Partida/entrar.js)
2026-06-09T15:13:30.540084552Z ✅ Comando carregado: finalizar (Partida/finalizar.js)
2026-06-09T15:13:30.540877904Z ✅ Comando carregado: interceptar (Partida/interceptar.js)
2026-06-09T15:13:30.541550630Z ✅ Comando carregado: marcar (Partida/marcar.js)
2026-06-09T15:13:30.541871790Z ✅ Comando carregado: partida (Partida/partida.js)
2026-06-09T15:13:30.542555317Z ✅ Comando carregado: passe (Partida/passe.js)
2026-06-09T15:13:30.542918194Z ✅ Comando carregado: placar (Partida/placar.js)
2026-06-09T15:13:30.543440161Z ✅ Comando carregado: pontape (Partida/pontape.js)
2026-06-09T15:13:30.543831887Z ✅ Comando carregado: ranking (Partida/ranking.js)
2026-06-09T15:13:30.544505575Z ✅ Comando carregado: desarmar (Partida/roubarbola.js)
2026-06-09T15:13:30.544887820Z ✅ Comando carregado: statusjogo (Partida/statusjogo.js)
2026-06-09T15:13:30.546832776Z ✅ Comando carregado: testar (Partida/testar.js)
2026-06-09T15:13:30.547506058Z ✅ Comando carregado: velocidade (Partida/velocidade.js)
2026-06-09T15:13:30.548096517Z ✅ Comando carregado: familia (Rolls/rollestilo.js)
2026-06-09T15:13:30.548145004Z 📦 Total de comandos carregados: 39
2026-06-09T15:13:30.549128864Z ✅ Evento carregado: guildMemberRemove
2026-06-09T15:13:30.550215697Z ✅ Evento carregado: messageCreate
2026-06-09T15:13:30.550534739Z ✅ Evento carregado: ready
2026-06-09T15:13:31.030169404Z ✅ Bot online! Logado como ✦﹒Rin Itoshi﹒❄#7066
2026-06-09T15:13:31.030401879Z (node:11) DeprecationWarning: The ready event has been renamed to clientReady to distinguish it from the gateway READY event and will only emit under that name in v15. Please use clientReady instead.
2026-06-09T15:13:31.030421158Z (Use `node --trace-deprecation ...` to show where the warning was created)