2026-06-13T21:18:06.003199841Z ✅ 84 armas/habilidades carregadas!
2026-06-13T21:18:10.672260919Z ✅ 84 armas/habilidades carregadas!
2026-06-13T21:18:15.167621923Z ✅ 84 armas/habilidades carregadas!
2026-06-13T21:18:22.134530319Z ✅ 84 armas/habilidades carregadas!
2026-06-13T21:18:27.441822822Z ✅ 84 armas/habilidades carregadas!
2026-06-13T21:18:32.030486854Z ✅ 84 armas/habilidades carregadas!
2026-06-13T21:18:36.605306272Z ✅ 84 armas/habilidades carregadas!
2026-06-13T21:18:41.610283142Z ✅ 84 armas/habilidades carregadas!
2026-06-13T21:18:47.337266669Z ✅ 84 armas/habilidades carregadas!
2026-06-13T21:18:51.788508527Z ✅ 84 armas/habilidades carregadas!
2026-06-13T21:18:56.522169324Z ✅ 84 armas/habilidades carregadas!
2026-06-13T21:19:02.010754891Z ✅ Comando carregado: addrolls (Admin/addrolls.js)
2026-06-13T21:19:02.014112945Z ✅ Comando carregado: backupgithub (Admin/github_backup.js)
2026-06-13T21:19:02.014716808Z ✅ Comando carregado: resetar (Admin/resetar.js)
2026-06-13T21:19:02.015387410Z ✅ Comando carregado: setestatistica (Admin/setestatistica.js)
2026-06-13T21:19:02.017887110Z ✅ Comando carregado: setperfil (Admin/setperfil.js)
2026-06-13T21:19:02.018561403Z ✅ Comando carregado: setstatus (Admin/setstatus.js)
2026-06-13T21:19:02.019123445Z ✅ Comando carregado: armas (Info/armas.js)
2026-06-13T21:19:02.019578878Z ✅ Comando carregado: cargos (Info/cargos.js)
2026-06-13T21:19:02.020539258Z ✅ Comando carregado: estatisticas (Info/estatisticas.js)
2026-06-13T21:19:02.021107994Z ✅ Comando carregado: help (Info/help.js)
2026-06-13T21:19:02.021542438Z ✅ Comando carregado: helpadmin (Info/helpadmin.js)
2026-06-13T21:19:02.022185341Z ✅ Comando carregado: overall (Info/overall.js)
2026-06-13T21:19:02.022829918Z ✅ Comando carregado: perfil (Info/perfil.js)
2026-06-13T21:19:02.023271056Z ✅ Comando carregado: posicao (Info/posicao.js)
2026-06-13T21:19:02.023714722Z ✅ Comando carregado: setimagem (Info/setimagem.js)
2026-06-13T21:19:02.024456715Z ✅ Comando carregado: status (Info/status.js)
2026-06-13T21:19:02.024976577Z ✅ Comando carregado: treinar (Info/treinar.js)
2026-06-13T21:19:02.026162505Z ✅ Comando carregado: 1v1 (Partida/1v1.js)
2026-06-13T21:19:02.026987243Z ✅ Comando carregado: bolaparada (Partida/Bolaparada.js)
2026-06-13T21:19:02.027388850Z ✅ Comando carregado: campo (Partida/campo.js)
2026-06-13T21:19:02.029274647Z ✅ Comando carregado: chute (Partida/chute.js)
2026-06-13T21:19:02.029970452Z ✅ Comando carregado: cruzamento (Partida/cruzamento.js)
2026-06-13T21:19:02.030044590Z ✅ Comando carregado: defender (Partida/defender.js)
2026-06-13T21:19:02.030708310Z ✅ Comando carregado: dominar (Partida/dominar.js)
2026-06-13T21:19:02.031301892Z ✅ Comando carregado: driblar (Partida/driblar.js)
2026-06-13T21:19:02.031741677Z ✅ Comando carregado: entrar (Partida/entrar.js)
2026-06-13T21:19:02.032197987Z ✅ Comando carregado: finalizar (Partida/finalizar.js)
2026-06-13T21:19:02.033395396Z ✅ Comando carregado: interceptar (Partida/interceptar.js)
2026-06-13T21:19:02.034215913Z ✅ Comando carregado: marcar (Partida/marcar.js)
2026-06-13T21:19:02.034815931Z ✅ Comando carregado: partida (Partida/partida.js)
2026-06-13T21:19:02.035527749Z ✅ Comando carregado: passe (Partida/passe.js)
2026-06-13T21:19:02.035865534Z ✅ Comando carregado: placar (Partida/placar.js)
2026-06-13T21:19:02.036362559Z ✅ Comando carregado: pontape (Partida/pontape.js)
2026-06-13T21:19:02.036671140Z ✅ Comando carregado: ranking (Partida/ranking.js)
2026-06-13T21:19:02.037293189Z ✅ Comando carregado: desarmar (Partida/roubarbola.js)
2026-06-13T21:19:02.037664542Z ✅ Comando carregado: statusjogo (Partida/statusjogo.js)
2026-06-13T21:19:02.039567696Z ✅ Comando carregado: testar (Partida/testar.js)
2026-06-13T21:19:02.040208053Z ✅ Comando carregado: velocidade (Partida/velocidade.js)
2026-06-13T21:19:02.041026175Z ✅ Habilidades carregadas com sucesso!
2026-06-13T21:19:02.041041473Z ✅ Comando carregado: roll (Rolls/rollestilo.js)
2026-06-13T21:19:02.041047329Z 📦 Total de comandos carregados: 39
2026-06-13T21:19:02.042012883Z ✅ Evento carregado: guildMemberRemove
2026-06-13T21:19:02.042982605Z ✅ Evento carregado: messageCreate
2026-06-13T21:19:02.043332689Z ✅ Evento carregado: ready
2026-06-13T21:19:02.522058828Z ✅ Bot online! Logado como ✦﹒Rin Itoshi﹒❄#7066
2026-06-13T21:19:02.522414844Z (node:11) DeprecationWarning: The ready event has been renamed to clientReady to distinguish it from the gateway READY event and will only emit under that name in v15. Please use clientReady instead.
2026-06-13T21:19:02.522443313Z (Use `node --trace-deprecation ...` to show where the warning was created)
2026-06-13T21:19:15.076610761Z ✅ 84 armas/habilidades carregadas!
2026-06-13T21:19:29.628433094Z 📋 Cargos do membro:
2026-06-13T21:19:29.628485286Z    - "@everyone"
2026-06-13T21:19:29.628501530Z    - "๑˚ ꒱꒱ Rei ⏜ ︵ ₊⊹"
2026-06-13T21:19:29.628504857Z    - "◇╭──⎝ ・Posição・ ⎠──◇"
2026-06-13T21:19:29.628507696Z    - "๑˚  ꒱꒱ 🌠Dono ⏜ ︵ ₊⊹"
2026-06-13T21:19:29.628536676Z    - "◇╭──⎝ ・Talento・ ⎠──◇"
2026-06-13T21:19:29.628564192Z    - "๑˚ ꒱꒱ Anônimo ⏜ ︵ ₊⊹"
2026-06-13T21:19:29.628569447Z    - "◇╭──⎝ ・Nacionalidade・ ⎠──◇"
2026-06-13T21:19:29.628574381Z    - "◇╭──⎝ ・Monstro・ ⎠──◇"
2026-06-13T21:19:29.628578685Z    - "◇╭──⎝ ・Universidade・ ⎠──◇"
2026-06-13T21:19:29.628582585Z    - "๑˚ ꒱꒱ Centro Avante ⏜ ︵ ₊⊹"
2026-06-13T21:19:29.628617119Z    - "◇╭──⎝ ・Armas・ ⎠──◇"
2026-06-13T21:19:29.628623496Z    - "๑˚ ꒱꒱ Monstro Adormecido ⏜ ︵ ₊"
2026-06-13T21:19:29.628625903Z    - "๑˚ ꒱꒱ Destro ⏜ ︵ ₊⊹"
2026-06-13T21:19:29.628628297Z    - "◇╭──⎝ ・ Pings・ ⎠──◇"
2026-06-13T21:19:29.628630699Z    - "๑˚ ꒱꒱ Otoya ⏜ ︵ ₊⊹"
2026-06-13T21:19:29.628633144Z    - "๑˚ ꒱꒱ Genio ⏜ ︵ ₊⊹"
2026-06-13T21:19:29.628636036Z    - "๑˚ ꒱꒱ Brasileiro ⏜ ︵ ₊⊹"
2026-06-13T21:19:29.628644071Z    - "◇╭──⎝ ・Estilo de jogo・ ⎠──◇"
2026-06-13T21:19:29.628646726Z    - "◇╭──⎝ ・Rank・ ⎠──◇"
2026-06-13T21:19:29.628648941Z    - "◇╭──⎝ ・ Familias・ ⎠──◇"
2026-06-13T21:19:29.628651312Z    - "◇╭──⎝ ・Dominância・ ⎠──◇"
2026-06-13T21:19:29.628658168Z    - "◇╭──⎝ ・Dom・ ⎠──◇"
2026-06-13T21:19:29.628660794Z    - "๑˚  ꒱꒱  Membros    ⏜ ︵ ₊⊹"
2026-06-13T21:19:29.628666864Z    - "๑˚ ꒱꒱ Raiden ⏜ ︵ ₊⊹"
2026-06-13T21:19:29.628672983Z    - "๑˚  ꒱꒱  Kaiser Impact Magnus    ⏜ ︵"
2026-06-13T21:19:29.630206113Z ✅ Habilidade encontrada: 🔘 Kaiser Impact (cargo: "๑˚  ꒱꒱  Kaiser Impact Magnus    ⏜ ︵")
2026-06-13T21:19:29.630266998Z ✅ Habilidade encontrada: ↪️ Kaiser Impact Magnus (cargo: "๑˚  ꒱꒱  Kaiser Impact Magnus    ⏜ ︵")
2026-06-13T21:19:29.630353207Z 🔍 Total de habilidades encontradas nos cargos: 2
2026-06-13T21:19:43.230475147Z 📋 Cargos do membro:
2026-06-13T21:19:43.230495673Z    - "@everyone"
2026-06-13T21:19:43.230499233Z    - "๑˚ ꒱꒱ Rei ⏜ ︵ ₊⊹"
2026-06-13T21:19:43.230501935Z    - "◇╭──⎝ ・Posição・ ⎠──◇"
2026-06-13T21:19:43.230506290Z    - "๑˚  ꒱꒱ 🌠Dono ⏜ ︵ ₊⊹"
2026-06-13T21:19:43.230508868Z    - "◇╭──⎝ ・Talento・ ⎠──◇"
2026-06-13T21:19:43.230511561Z    - "๑˚ ꒱꒱ Anônimo ⏜ ︵ ₊⊹"
2026-06-13T21:19:43.230514048Z    - "◇╭──⎝ ・Nacionalidade・ ⎠──◇"
2026-06-13T21:19:43.230516517Z    - "◇╭──⎝ ・Monstro・ ⎠──◇"
2026-06-13T21:19:43.230546403Z    - "◇╭──⎝ ・Universidade・ ⎠──◇"
2026-06-13T21:19:43.230561597Z    - "๑˚ ꒱꒱ Centro Avante ⏜ ︵ ₊⊹"
2026-06-13T21:19:43.230564733Z    - "◇╭──⎝ ・Armas・ ⎠──◇"
2026-06-13T21:19:43.230567246Z    - "๑˚ ꒱꒱ Monstro Adormecido ⏜ ︵ ₊"
2026-06-13T21:19:43.230574887Z    - "๑˚ ꒱꒱ Destro ⏜ ︵ ₊⊹"
2026-06-13T21:19:43.230577645Z    - "◇╭──⎝ ・ Pings・ ⎠──◇"
2026-06-13T21:19:43.230579916Z    - "๑˚ ꒱꒱ Otoya ⏜ ︵ ₊⊹"
2026-06-13T21:19:43.230582226Z    - "๑˚ ꒱꒱ Genio ⏜ ︵ ₊⊹"
2026-06-13T21:19:43.230588341Z    - "๑˚ ꒱꒱ Brasileiro ⏜ ︵ ₊⊹"
2026-06-13T21:19:43.230590876Z    - "◇╭──⎝ ・Estilo de jogo・ ⎠──◇"
2026-06-13T21:19:43.230596553Z    - "◇╭──⎝ ・Rank・ ⎠──◇"
2026-06-13T21:19:43.230602289Z    - "◇╭──⎝ ・ Familias・ ⎠──◇"
2026-06-13T21:19:43.230619841Z    - "◇╭──⎝ ・Dominância・ ⎠──◇"
2026-06-13T21:19:43.230622374Z    - "◇╭──⎝ ・Dom・ ⎠──◇"
2026-06-13T21:19:43.230634017Z    - "๑˚  ꒱꒱  Membros    ⏜ ︵ ₊⊹"
2026-06-13T21:19:43.230636658Z    - "๑˚ ꒱꒱ Raiden ⏜ ︵ ₊⊹"
2026-06-13T21:19:43.230668187Z    - "๑˚  ꒱꒱  Kaiser Impact Magnus    ⏜ ︵"
2026-06-13T21:19:43.232465511Z ✅ Habilidade encontrada: 🔘 Kaiser Impact (cargo: "๑˚  ꒱꒱  Kaiser Impact Magnus    ⏜ ︵")
2026-06-13T21:19:43.232485869Z ✅ Habilidade encontrada: ↪️ Kaiser Impact Magnus (cargo: "๑˚  ꒱꒱  Kaiser Impact Magnus    ⏜ ︵")
2026-06-13T21:19:43.232555178Z 🔍 Total de habilidades encontradas nos cargos: 2
2026-06-13T21:19:46.802864833Z ✅ 84 armas/habilidades carregadas!
2026-06-13T21:19:51.305522784Z ✅ 84 armas/habilidades carregadas!
2026-06-13T21:19:56.295208319Z ✅ 84 armas/habilidades carregadas!
2026-06-13T21:20:00.981542264Z ✅ 84 armas/habilidades carregadas!
2026-06-13T21:20:05.407839241Z ✅ 84 armas/habilidades carregadas!
2026-06-13T21:20:10.172363415Z ✅ 84 armas/habilidades carregadas!
2026-06-13T21:22:48.651755291Z ✅ 84 armas/habilidades carregadas!
2026-06-13T21:23:03.386695769Z ✅ 84 armas/habilidades carregadas!