2026-06-13T21:13:32.291121258Z ✅ 84 armas/habilidades carregadas!
2026-06-13T21:13:36.745637352Z ✅ 84 armas/habilidades carregadas!
2026-06-13T21:13:41.367497945Z ✅ 84 armas/habilidades carregadas!
2026-06-13T21:13:46.632946818Z ✅ 84 armas/habilidades carregadas!
2026-06-13T21:13:51.513826583Z ✅ 84 armas/habilidades carregadas!
2026-06-13T21:13:57.751502759Z ✅ 84 armas/habilidades carregadas!
2026-06-13T21:14:02.460235113Z ✅ 84 armas/habilidades carregadas!
2026-06-13T21:14:08.540423739Z ✅ 84 armas/habilidades carregadas!
2026-06-13T21:14:13.379039611Z ✅ 84 armas/habilidades carregadas!
2026-06-13T21:14:19.013842609Z ✅ 84 armas/habilidades carregadas!
2026-06-13T21:14:29.767296121Z ✅ Comando carregado: addrolls (Admin/addrolls.js)
2026-06-13T21:14:29.771577132Z ✅ Comando carregado: backupgithub (Admin/github_backup.js)
2026-06-13T21:14:29.772178689Z ✅ Comando carregado: resetar (Admin/resetar.js)
2026-06-13T21:14:29.772791642Z ✅ Comando carregado: setestatistica (Admin/setestatistica.js)
2026-06-13T21:14:29.774843330Z ✅ Comando carregado: setperfil (Admin/setperfil.js)
2026-06-13T21:14:29.775515335Z ✅ Comando carregado: setstatus (Admin/setstatus.js)
2026-06-13T21:14:29.776159604Z ✅ Comando carregado: armas (Info/armas.js)
2026-06-13T21:14:29.776619555Z ✅ Comando carregado: cargos (Info/cargos.js)
2026-06-13T21:14:29.777622355Z ✅ Comando carregado: estatisticas (Info/estatisticas.js)
2026-06-13T21:14:29.778233604Z ✅ Comando carregado: help (Info/help.js)
2026-06-13T21:14:29.778857274Z ✅ Comando carregado: helpadmin (Info/helpadmin.js)
2026-06-13T21:14:29.780532058Z ✅ Comando carregado: overall (Info/overall.js)
2026-06-13T21:14:29.781483982Z ✅ Comando carregado: perfil (Info/perfil.js)
2026-06-13T21:14:29.782122081Z ✅ Comando carregado: posicao (Info/posicao.js)
2026-06-13T21:14:29.782778562Z ✅ Comando carregado: setimagem (Info/setimagem.js)
2026-06-13T21:14:29.783648012Z ✅ Comando carregado: status (Info/status.js)
2026-06-13T21:14:29.784260479Z ✅ Comando carregado: treinar (Info/treinar.js)
2026-06-13T21:14:29.785000400Z ✅ Comando carregado: 1v1 (Partida/1v1.js)
2026-06-13T21:14:29.785880172Z ✅ Comando carregado: bolaparada (Partida/Bolaparada.js)
2026-06-13T21:14:29.786289152Z ✅ Comando carregado: campo (Partida/campo.js)
2026-06-13T21:14:29.789158321Z ✅ Comando carregado: chute (Partida/chute.js)
2026-06-13T21:14:29.790028566Z ✅ Comando carregado: cruzamento (Partida/cruzamento.js)
2026-06-13T21:14:29.790078609Z ✅ Comando carregado: defender (Partida/defender.js)
2026-06-13T21:14:29.790947502Z ✅ Comando carregado: dominar (Partida/dominar.js)
2026-06-13T21:14:29.791665582Z ✅ Comando carregado: driblar (Partida/driblar.js)
2026-06-13T21:14:29.792131910Z ✅ Comando carregado: entrar (Partida/entrar.js)
2026-06-13T21:14:29.792524000Z ✅ Comando carregado: finalizar (Partida/finalizar.js)
2026-06-13T21:14:29.793116638Z ✅ Comando carregado: interceptar (Partida/interceptar.js)
2026-06-13T21:14:29.794025993Z ✅ Comando carregado: marcar (Partida/marcar.js)
2026-06-13T21:14:29.794830370Z ✅ Comando carregado: partida (Partida/partida.js)
2026-06-13T21:14:29.795549135Z ✅ Comando carregado: passe (Partida/passe.js)
2026-06-13T21:14:29.795893511Z ✅ Comando carregado: placar (Partida/placar.js)
2026-06-13T21:14:29.796495553Z ✅ Comando carregado: pontape (Partida/pontape.js)
2026-06-13T21:14:29.796863557Z ✅ Comando carregado: ranking (Partida/ranking.js)
2026-06-13T21:14:29.797513962Z ✅ Comando carregado: desarmar (Partida/roubarbola.js)
2026-06-13T21:14:29.798534460Z ✅ Comando carregado: statusjogo (Partida/statusjogo.js)
2026-06-13T21:14:29.800657010Z ✅ Comando carregado: testar (Partida/testar.js)
2026-06-13T21:14:29.801398039Z ✅ Comando carregado: velocidade (Partida/velocidade.js)
2026-06-13T21:14:29.802304781Z ✅ Habilidades carregadas com sucesso!
2026-06-13T21:14:29.802327422Z ✅ Comando carregado: roll (Rolls/rollestilo.js)
2026-06-13T21:14:29.802334035Z 📦 Total de comandos carregados: 39
2026-06-13T21:14:29.803513448Z ✅ Evento carregado: guildMemberRemove
2026-06-13T21:14:29.817401190Z ✅ Evento carregado: messageCreate
2026-06-13T21:14:29.817834618Z ✅ Evento carregado: ready
2026-06-13T21:14:30.352589900Z ✅ Bot online! Logado como ✦﹒Rin Itoshi﹒❄#7066
2026-06-13T21:14:30.353177427Z (node:11) DeprecationWarning: The ready event has been renamed to clientReady to distinguish it from the gateway READY event and will only emit under that name in v15. Please use clientReady instead.
2026-06-13T21:14:30.353191984Z (Use `node --trace-deprecation ...` to show where the warning was created)
2026-06-13T21:15:39.165747449Z ═══════════════════════════════════
2026-06-13T21:15:39.165854004Z 🗂️ Jogador: dezinhoz
2026-06-13T21:15:39.165906260Z 📦 Habilidades no JSON: {}
2026-06-13T21:15:39.166032269Z 📋 Total de habilidades no sistema: 84
2026-06-13T21:15:39.166070887Z 🔍 Habilidades de chute encontradas: 0
2026-06-13T21:15:39.166118367Z ⚠️ NENHUMA habilidade encontrada para chute!
2026-06-13T21:15:39.166144367Z 💡 Dica: O jogador precisa ter habilidades salvas no JSON em jogador.habilidades
2026-06-13T21:15:39.166147988Z    Exemplo: "kaiserImpact": { "nivel": 1 }
2026-06-13T21:15:39.166152961Z ═══════════════════════════════════
2026-06-13T21:15:57.394369014Z ═══════════════════════════════════
2026-06-13T21:15:57.394401812Z 🗂️ Jogador: dezinhoz
2026-06-13T21:15:57.394407554Z 📦 Habilidades no JSON: {}
2026-06-13T21:15:57.394412272Z 📋 Total de habilidades no sistema: 84
2026-06-13T21:15:57.394447940Z 🔍 Habilidades de chute encontradas: 0
2026-06-13T21:15:57.394504573Z ⚠️ NENHUMA habilidade encontrada para chute!
2026-06-13T21:15:57.394513495Z 💡 Dica: O jogador precisa ter habilidades salvas no JSON em jogador.habilidades
2026-06-13T21:15:57.394544799Z    Exemplo: "kaiserImpact": { "nivel": 1 }
2026-06-13T21:15:57.394555681Z ═══════════════════════════════════
2026-06-13T21:16:49.805562180Z ✅ 84 armas/habilidades carregadas!
2026-06-13T21:16:54.781123768Z ✅ 84 armas/habilidades carregadas!
2026-06-13T21:16:59.611431724Z ✅ 84 armas/habilidades carregadas!
2026-06-13T21:17:04.195687651Z ✅ 84 armas/habilidades carregadas!
2026-06-13T21:17:05.524258708Z ═══════════════════════════════════
2026-06-13T21:17:05.524316119Z 🗂️ Jogador: oliveir___
2026-06-13T21:17:05.524322274Z 📦 Habilidades no JSON: {}
2026-06-13T21:17:05.524391182Z 📋 Total de habilidades no sistema: 84
2026-06-13T21:17:05.524426090Z 🔍 Habilidades de chute encontradas: 0
2026-06-13T21:17:05.524430365Z ⚠️ NENHUMA habilidade encontrada para chute!
2026-06-13T21:17:05.524433110Z 💡 Dica: O jogador precisa ter habilidades salvas no JSON em jogador.habilidades
2026-06-13T21:17:05.524435655Z    Exemplo: "kaiserImpact": { "nivel": 1 }
2026-06-13T21:17:05.524438729Z ═══════════════════════════════════
2026-06-13T21:17:08.726285766Z ✅ 84 armas/habilidades carregadas!
2026-06-13T21:17:13.816666377Z ✅ 84 armas/habilidades carregadas!
2026-06-13T21:17:18.738037834Z ✅ 84 armas/habilidades carregadas!
2026-06-13T21:17:23.888919460Z ✅ 84 armas/habilidades carregadas!
2026-06-13T21:17:25.585722980Z ═══════════════════════════════════
2026-06-13T21:17:25.585743371Z 🗂️ Jogador: oliveir___
2026-06-13T21:17:25.585746933Z 📦 Habilidades no JSON: {}
2026-06-13T21:17:25.585773572Z 📋 Total de habilidades no sistema: 84
2026-06-13T21:17:25.585777126Z 🔍 Habilidades de chute encontradas: 0
2026-06-13T21:17:25.585792524Z ⚠️ NENHUMA habilidade encontrada para chute!
2026-06-13T21:17:25.585818445Z 💡 Dica: O jogador precisa ter habilidades salvas no JSON em jogador.habilidades
2026-06-13T21:17:25.585824666Z    Exemplo: "kaiserImpact": { "nivel": 1 }
2026-06-13T21:17:25.585827527Z ═══════════════════════════════════
2026-06-13T21:17:28.255139920Z ✅ 84 armas/habilidades carregadas!
2026-06-13T21:17:33.704228990Z ✅ 84 armas/habilidades carregadas!
2026-06-13T21:17:35.032645178Z ═══════════════════════════════════
2026-06-13T21:17:35.032662993Z 🗂️ Jogador: oliveir___
2026-06-13T21:17:35.032666056Z 📦 Habilidades no JSON: {}
2026-06-13T21:17:35.032694772Z 📋 Total de habilidades no sistema: 84
2026-06-13T21:17:35.032759224Z 🔍 Habilidades de chute encontradas: 0
2026-06-13T21:17:35.032774193Z ⚠️ NENHUMA habilidade encontrada para chute!
2026-06-13T21:17:35.032876659Z 💡 Dica: O jogador precisa ter habilidades salvas no JSON em jogador.habilidades
2026-06-13T21:17:35.032886668Z    Exemplo: "kaiserImpact": { "nivel": 1 }
2026-06-13T21:17:35.032889995Z ═══════════════════════════════════
2026-06-13T21:17:39.424115290Z ✅ 84 armas/habilidades carregadas!
2026-06-13T21:17:44.366114966Z ✅ 84 armas/habilidades carregadas!
2026-06-13T21:17:49.407532132Z ✅ 84 armas/habilidades carregadas!
2026-06-13T21:17:54.124457004Z ✅ 84 armas/habilidades carregadas!
2026-06-13T21:18:00.073484468Z ✅ 84 armas/habilidades carregadas!
2026-06-13T21:18:06.003199841Z ✅ 84 armas/habilidades carregadas!
2026-06-13T21:18:10.672260919Z ✅ 84 armas/habilidades carregadas!
2026-06-13T21:18:15.167621923Z ✅ 84 armas/habilidades carregadas!
2026-06-13T21:18:22.134530319Z ✅ 84 armas/habilidades carregadas!
2026-06-13T21:18:27.441822822Z ✅ 84 armas/habilidades carregadas!
2026-06-13T21:18:32.030486854Z ✅ 84 armas/habilidades carregadas!
2026-06-13T21:18:36.605306272Z ✅ 84 armas/habilidades carregadas!
2026-06-13T21:18:41.610283142Z ✅ 84 armas/habilidades carregadas!
2026-06-13T21:18:47.337266669Z ✅ 84 armas/habilidades carregadas!
2026-06-13T21:18:51.788508527Z ✅ 84 armas/habilidades carregadas!
2026-06-13T21:18:56.522169324Z ✅ 84 armas/habilidades carregadas!