2026-06-09T15:16:36.565812700Z ✅ Comando carregado: addrolls (Admin/addrolls.js)
2026-06-09T15:16:36.569210043Z ✅ Comando carregado: backupgithub (Admin/github_backup.js)
2026-06-09T15:16:36.569843653Z ✅ Comando carregado: resetar (Admin/resetar.js)
2026-06-09T15:16:36.570397372Z ✅ Comando carregado: setestatistica (Admin/setestatistica.js)
2026-06-09T15:16:36.572106956Z ✅ Comando carregado: setperfil (Admin/setperfil.js)
2026-06-09T15:16:36.572813021Z ✅ Comando carregado: setstatus (Admin/setstatus.js)
2026-06-09T15:16:36.573518422Z ✅ Comando carregado: armas (Info/armas.js)
2026-06-09T15:16:36.574158169Z ✅ Comando carregado: cargos (Info/cargos.js)
2026-06-09T15:16:36.575716356Z ✅ Comando carregado: estatisticas (Info/estatisticas.js)
2026-06-09T15:16:36.576443549Z ✅ Comando carregado: help (Info/help.js)
2026-06-09T15:16:36.576853052Z ✅ Comando carregado: helpadmin (Info/helpadmin.js)
2026-06-09T15:16:36.577545622Z ✅ Comando carregado: overall (Info/overall.js)
2026-06-09T15:16:36.578164447Z ✅ Comando carregado: perfil (Info/perfil.js)
2026-06-09T15:16:36.578664104Z ✅ Comando carregado: posicao (Info/posicao.js)
2026-06-09T15:16:36.579364891Z ✅ Comando carregado: roll (Info/roll.js)
2026-06-09T15:16:36.580473944Z ✅ Comando carregado: setimagem (Info/setimagem.js)
2026-06-09T15:16:36.581194442Z ✅ Comando carregado: status (Info/status.js)
2026-06-09T15:16:36.581754437Z ✅ Comando carregado: treinar (Info/treinar.js)
2026-06-09T15:16:36.582514742Z ✅ Comando carregado: 1v1 (Partida/1v1.js)
2026-06-09T15:16:36.583367067Z ✅ Comando carregado: bolaparada (Partida/Bolaparada.js)
2026-06-09T15:16:36.583757642Z ✅ Comando carregado: campo (Partida/campo.js)
2026-06-09T15:16:36.584639046Z ✅ Comando carregado: chute (Partida/chute.js)
2026-06-09T15:16:36.585391614Z ✅ Comando carregado: cruzamento (Partida/cruzamento.js)
2026-06-09T15:16:36.586141625Z ✅ Comando carregado: chute (Partida/defender.js)
2026-06-09T15:16:36.586869872Z ✅ Comando carregado: dominar (Partida/dominar.js)
2026-06-09T15:16:36.588429568Z ✅ Comando carregado: driblar (Partida/driblar.js)
2026-06-09T15:16:36.589125718Z ✅ Comando carregado: entrar (Partida/entrar.js)
2026-06-09T15:16:36.589553960Z ✅ Comando carregado: finalizar (Partida/finalizar.js)
2026-06-09T15:16:36.590315960Z ✅ Comando carregado: interceptar (Partida/interceptar.js)
2026-06-09T15:16:36.590943787Z ✅ Comando carregado: marcar (Partida/marcar.js)
2026-06-09T15:16:36.591354091Z ✅ Comando carregado: partida (Partida/partida.js)
2026-06-09T15:16:36.592054155Z ✅ Comando carregado: passe (Partida/passe.js)
2026-06-09T15:16:36.592437605Z ✅ Comando carregado: placar (Partida/placar.js)
2026-06-09T15:16:36.592899984Z ✅ Comando carregado: pontape (Partida/pontape.js)
2026-06-09T15:16:36.593309362Z ✅ Comando carregado: ranking (Partida/ranking.js)
2026-06-09T15:16:36.593977332Z ✅ Comando carregado: desarmar (Partida/roubarbola.js)
2026-06-09T15:16:36.594354558Z ✅ Comando carregado: statusjogo (Partida/statusjogo.js)
2026-06-09T15:16:36.596343393Z ✅ Comando carregado: testar (Partida/testar.js)
2026-06-09T15:16:36.597510333Z ✅ Comando carregado: velocidade (Partida/velocidade.js)
2026-06-09T15:16:36.598198994Z ✅ Comando carregado: familia (Rolls/rollestilo.js)
2026-06-09T15:16:36.598254088Z 📦 Total de comandos carregados: 39
2026-06-09T15:16:36.599284499Z ✅ Evento carregado: guildMemberRemove
2026-06-09T15:16:36.599817334Z ✅ Evento carregado: messageCreate
2026-06-09T15:16:36.600114641Z ✅ Evento carregado: ready
2026-06-09T15:16:37.177921328Z ✅ Bot online! Logado como ✦﹒Rin Itoshi﹒❄#7066
2026-06-09T15:16:37.178186446Z (node:11) DeprecationWarning: The ready event has been renamed to clientReady to distinguish it from the gateway READY event and will only emit under that name in v15. Please use clientReady instead.
2026-06-09T15:16:37.178205398Z (Use `node --trace-deprecation ...` to show where the warning was created)