2026-06-11T14:49:07.920448617Z ✅ Comando carregado: addrolls (Admin/addrolls.js)
2026-06-11T14:49:07.924297748Z ✅ Comando carregado: backupgithub (Admin/github_backup.js)
2026-06-11T14:49:07.924951744Z ✅ Comando carregado: resetar (Admin/resetar.js)
2026-06-11T14:49:07.925788078Z ✅ Comando carregado: setestatistica (Admin/setestatistica.js)
2026-06-11T14:49:07.927637924Z ✅ Comando carregado: setperfil (Admin/setperfil.js)
2026-06-11T14:49:07.928504075Z ✅ Comando carregado: setstatus (Admin/setstatus.js)
2026-06-11T14:49:07.929887152Z ✅ Comando carregado: armas (Info/armas.js)
2026-06-11T14:49:07.930420180Z ✅ Comando carregado: cargos (Info/cargos.js)
2026-06-11T14:49:07.931911841Z ✅ Comando carregado: estatisticas (Info/estatisticas.js)
2026-06-11T14:49:07.932471411Z ✅ Comando carregado: help (Info/help.js)
2026-06-11T14:49:07.933063007Z ✅ Comando carregado: helpadmin (Info/helpadmin.js)
2026-06-11T14:49:07.934013524Z ✅ Comando carregado: overall (Info/overall.js)
2026-06-11T14:49:07.934741792Z ✅ Comando carregado: perfil (Info/perfil.js)
2026-06-11T14:49:07.935422274Z ✅ Comando carregado: posicao (Info/posicao.js)
2026-06-11T14:49:07.936201067Z ✅ Comando carregado: setimagem (Info/setimagem.js)
2026-06-11T14:49:07.937065012Z ✅ Comando carregado: status (Info/status.js)
2026-06-11T14:49:07.937715268Z ✅ Comando carregado: treinar (Info/treinar.js)
2026-06-11T14:49:07.938549194Z ✅ Comando carregado: 1v1 (Partida/1v1.js)
2026-06-11T14:49:07.940572759Z ✅ Comando carregado: bolaparada (Partida/Bolaparada.js)
2026-06-11T14:49:07.941079007Z ✅ Comando carregado: campo (Partida/campo.js)
2026-06-11T14:49:07.942031674Z ✅ Comando carregado: chute (Partida/chute.js)
2026-06-11T14:49:07.943286482Z ✅ Comando carregado: cruzamento (Partida/cruzamento.js)
2026-06-11T14:49:07.944375410Z ✅ Comando carregado: chute (Partida/defender.js)
2026-06-11T14:49:07.944978710Z ✅ Comando carregado: dominar (Partida/dominar.js)
2026-06-11T14:49:07.946115559Z ✅ Comando carregado: driblar (Partida/driblar.js)
2026-06-11T14:49:07.947002568Z ✅ Comando carregado: entrar (Partida/entrar.js)
2026-06-11T14:49:07.947464415Z ✅ Comando carregado: finalizar (Partida/finalizar.js)
2026-06-11T14:49:07.948490493Z ✅ Comando carregado: interceptar (Partida/interceptar.js)
2026-06-11T14:49:07.949365619Z ✅ Comando carregado: marcar (Partida/marcar.js)
2026-06-11T14:49:07.949705497Z ✅ Comando carregado: partida (Partida/partida.js)
2026-06-11T14:49:07.951245654Z ✅ Comando carregado: passe (Partida/passe.js)
2026-06-11T14:49:07.951707100Z ✅ Comando carregado: placar (Partida/placar.js)
2026-06-11T14:49:07.952380021Z ✅ Comando carregado: pontape (Partida/pontape.js)
2026-06-11T14:49:07.952814442Z ✅ Comando carregado: ranking (Partida/ranking.js)
2026-06-11T14:49:07.953691881Z ✅ Comando carregado: desarmar (Partida/roubarbola.js)
2026-06-11T14:49:07.954050254Z ✅ Comando carregado: statusjogo (Partida/statusjogo.js)
2026-06-11T14:49:07.955942539Z ✅ Comando carregado: testar (Partida/testar.js)
2026-06-11T14:49:07.956912812Z ✅ Comando carregado: velocidade (Partida/velocidade.js)
2026-06-11T14:49:07.957810531Z ⚠️ Não foi possível encontrar habilidades.js automaticamente. Usando fallback de segurança.
2026-06-11T14:49:07.957861568Z ✅ Comando carregado: roll (Rolls/rollestilo.js)
2026-06-11T14:49:07.957890656Z 📦 Total de comandos carregados: 38
2026-06-11T14:49:07.959140641Z ✅ Evento carregado: guildMemberRemove
2026-06-11T14:49:07.960063568Z ✅ Evento carregado: messageCreate
2026-06-11T14:49:07.960530117Z ✅ Evento carregado: ready
2026-06-11T14:49:08.451260919Z ✅ Bot online! Logado como ✦﹒Rin Itoshi﹒❄#7066
2026-06-11T14:49:08.451629025Z (node:11) DeprecationWarning: The ready event has been renamed to clientReady to distinguish it from the gateway READY event and will only emit under that name in v15. Please use clientReady instead.
2026-06-11T14:49:08.451642087Z (Use `node --trace-deprecation ...` to show where the warning was created)