2026-06-11T02:27:18.103544067Z ✅ Comando carregado: addrolls (Admin/addrolls.js)
2026-06-11T02:27:18.107191519Z ✅ Comando carregado: backupgithub (Admin/github_backup.js)
2026-06-11T02:27:18.107790900Z ✅ Comando carregado: resetar (Admin/resetar.js)
2026-06-11T02:27:18.108497244Z ✅ Comando carregado: setestatistica (Admin/setestatistica.js)
2026-06-11T02:27:18.110879211Z ✅ Comando carregado: setperfil (Admin/setperfil.js)
2026-06-11T02:27:18.111647927Z ✅ Comando carregado: setstatus (Admin/setstatus.js)
2026-06-11T02:27:18.112338893Z ✅ Comando carregado: armas (Info/armas.js)
2026-06-11T02:27:18.112736997Z ✅ Comando carregado: cargos (Info/cargos.js)
2026-06-11T02:27:18.113851419Z ✅ Comando carregado: estatisticas (Info/estatisticas.js)
2026-06-11T02:27:18.114460915Z ✅ Comando carregado: help (Info/help.js)
2026-06-11T02:27:18.114911242Z ✅ Comando carregado: helpadmin (Info/helpadmin.js)
2026-06-11T02:27:18.115586483Z ✅ Comando carregado: overall (Info/overall.js)
2026-06-11T02:27:18.116118901Z ✅ Comando carregado: perfil (Info/perfil.js)
2026-06-11T02:27:18.116655953Z ✅ Comando carregado: posicao (Info/posicao.js)
2026-06-11T02:27:18.117125852Z ✅ Comando carregado: setimagem (Info/setimagem.js)
2026-06-11T02:27:18.117820919Z ✅ Comando carregado: status (Info/status.js)
2026-06-11T02:27:18.118367196Z ✅ Comando carregado: treinar (Info/treinar.js)
2026-06-11T02:27:18.119124692Z ✅ Comando carregado: 1v1 (Partida/1v1.js)
2026-06-11T02:27:18.120832327Z ✅ Comando carregado: bolaparada (Partida/Bolaparada.js)
2026-06-11T02:27:18.121319102Z ✅ Comando carregado: campo (Partida/campo.js)
2026-06-11T02:27:18.122033585Z ✅ Comando carregado: chute (Partida/chute.js)
2026-06-11T02:27:18.122779996Z ✅ Comando carregado: cruzamento (Partida/cruzamento.js)
2026-06-11T02:27:18.123534870Z ✅ Comando carregado: chute (Partida/defender.js)
2026-06-11T02:27:18.124308952Z ✅ Comando carregado: dominar (Partida/dominar.js)
2026-06-11T02:27:18.125020441Z ✅ Comando carregado: driblar (Partida/driblar.js)
2026-06-11T02:27:18.125747257Z ✅ Comando carregado: entrar (Partida/entrar.js)
2026-06-11T02:27:18.126077328Z ✅ Comando carregado: finalizar (Partida/finalizar.js)
2026-06-11T02:27:18.126915161Z ✅ Comando carregado: interceptar (Partida/interceptar.js)
2026-06-11T02:27:18.128413856Z ✅ Comando carregado: marcar (Partida/marcar.js)
2026-06-11T02:27:18.128772180Z ✅ Comando carregado: partida (Partida/partida.js)
2026-06-11T02:27:18.129615239Z ✅ Comando carregado: passe (Partida/passe.js)
2026-06-11T02:27:18.130055814Z ✅ Comando carregado: placar (Partida/placar.js)
2026-06-11T02:27:18.130615240Z ✅ Comando carregado: pontape (Partida/pontape.js)
2026-06-11T02:27:18.131010282Z ✅ Comando carregado: ranking (Partida/ranking.js)
2026-06-11T02:27:18.131739569Z ✅ Comando carregado: desarmar (Partida/roubarbola.js)
2026-06-11T02:27:18.132155459Z ✅ Comando carregado: statusjogo (Partida/statusjogo.js)
2026-06-11T02:27:18.134241824Z ✅ Comando carregado: testar (Partida/testar.js)
2026-06-11T02:27:18.135001836Z ✅ Comando carregado: velocidade (Partida/velocidade.js)
2026-06-11T02:27:18.135843630Z ⚠️ Não foi possível encontrar habilidades.js automaticamente. Usando fallback de segurança.
2026-06-11T02:27:18.135904349Z ✅ Comando carregado: roll (Rolls/rollestilo.js)
2026-06-11T02:27:18.135945009Z 📦 Total de comandos carregados: 38
2026-06-11T02:27:18.137033157Z ✅ Evento carregado: guildMemberRemove
2026-06-11T02:27:18.137679489Z ✅ Evento carregado: messageCreate
2026-06-11T02:27:18.138004728Z ✅ Evento carregado: ready
2026-06-11T02:27:18.570766108Z ✅ Bot online! Logado como ✦﹒Rin Itoshi﹒❄#7066
2026-06-11T02:27:18.571952948Z (node:11) DeprecationWarning: The ready event has been renamed to clientReady to distinguish it from the gateway READY event and will only emit under that name in v15. Please use clientReady instead.
2026-06-11T02:27:18.571990205Z (Use `node --trace-deprecation ...` to show where the warning was created)