2026-06-11T15:32:19.835792753Z ✅ Comando carregado: addrolls (Admin/addrolls.js)
2026-06-11T15:32:19.839154848Z ✅ Comando carregado: backupgithub (Admin/github_backup.js)
2026-06-11T15:32:19.839748893Z ✅ Comando carregado: resetar (Admin/resetar.js)
2026-06-11T15:32:19.840368667Z ✅ Comando carregado: setestatistica (Admin/setestatistica.js)
2026-06-11T15:32:19.842454769Z ✅ Comando carregado: setperfil (Admin/setperfil.js)
2026-06-11T15:32:19.843106243Z ✅ Comando carregado: setstatus (Admin/setstatus.js)
2026-06-11T15:32:19.843706341Z ✅ Comando carregado: armas (Info/armas.js)
2026-06-11T15:32:19.844148233Z ✅ Comando carregado: cargos (Info/cargos.js)
2026-06-11T15:32:19.845182001Z ✅ Comando carregado: estatisticas (Info/estatisticas.js)
2026-06-11T15:32:19.845738566Z ✅ Comando carregado: help (Info/help.js)
2026-06-11T15:32:19.846197189Z ✅ Comando carregado: helpadmin (Info/helpadmin.js)
2026-06-11T15:32:19.846846037Z ✅ Comando carregado: overall (Info/overall.js)
2026-06-11T15:32:19.847418614Z ✅ Comando carregado: perfil (Info/perfil.js)
2026-06-11T15:32:19.847976593Z ✅ Comando carregado: posicao (Info/posicao.js)
2026-06-11T15:32:19.848423543Z ✅ Comando carregado: setimagem (Info/setimagem.js)
2026-06-11T15:32:19.849083956Z ✅ Comando carregado: status (Info/status.js)
2026-06-11T15:32:19.849613698Z ✅ Comando carregado: treinar (Info/treinar.js)
2026-06-11T15:32:19.850337433Z ✅ Comando carregado: 1v1 (Partida/1v1.js)
2026-06-11T15:32:19.851730141Z ✅ Comando carregado: bolaparada (Partida/Bolaparada.js)
2026-06-11T15:32:19.852168965Z ✅ Comando carregado: campo (Partida/campo.js)
2026-06-11T15:32:19.852925180Z ✅ Comando carregado: chute (Partida/chute.js)
2026-06-11T15:32:19.853675455Z ✅ Comando carregado: cruzamento (Partida/cruzamento.js)
2026-06-11T15:32:19.854374093Z ✅ Comando carregado: chute (Partida/defender.js)
2026-06-11T15:32:19.855064392Z ✅ Comando carregado: dominar (Partida/dominar.js)
2026-06-11T15:32:19.855725973Z ✅ Comando carregado: driblar (Partida/driblar.js)
2026-06-11T15:32:19.856446043Z ✅ Comando carregado: entrar (Partida/entrar.js)
2026-06-11T15:32:19.856815627Z ✅ Comando carregado: finalizar (Partida/finalizar.js)
2026-06-11T15:32:19.857648603Z ✅ Comando carregado: interceptar (Partida/interceptar.js)
2026-06-11T15:32:19.858810136Z ✅ Comando carregado: marcar (Partida/marcar.js)
2026-06-11T15:32:19.859262039Z ✅ Comando carregado: partida (Partida/partida.js)
2026-06-11T15:32:19.860167012Z ✅ Comando carregado: passe (Partida/passe.js)
2026-06-11T15:32:19.860581110Z ✅ Comando carregado: placar (Partida/placar.js)
2026-06-11T15:32:19.861019711Z ✅ Comando carregado: pontape (Partida/pontape.js)
2026-06-11T15:32:19.861428713Z ✅ Comando carregado: ranking (Partida/ranking.js)
2026-06-11T15:32:19.862047833Z ✅ Comando carregado: desarmar (Partida/roubarbola.js)
2026-06-11T15:32:19.862437399Z ✅ Comando carregado: statusjogo (Partida/statusjogo.js)
2026-06-11T15:32:19.864431305Z ✅ Comando carregado: testar (Partida/testar.js)
2026-06-11T15:32:19.865049271Z ✅ Comando carregado: velocidade (Partida/velocidade.js)
2026-06-11T15:32:19.866009896Z ⚠️ Não foi possível encontrar habilidades.js automaticamente. Usando fallback de segurança.
2026-06-11T15:32:19.866023214Z ✅ Comando carregado: roll (Rolls/rollestilo.js)
2026-06-11T15:32:19.866060976Z 📦 Total de comandos carregados: 38
2026-06-11T15:32:19.867047694Z ✅ Evento carregado: guildMemberRemove
2026-06-11T15:32:19.868201549Z ✅ Evento carregado: messageCreate
2026-06-11T15:32:19.868530326Z ✅ Evento carregado: ready
2026-06-11T15:32:20.399039456Z ✅ Bot online! Logado como ✦﹒Rin Itoshi﹒❄#7066
2026-06-11T15:32:20.399291361Z (node:11) DeprecationWarning: The ready event has been renamed to clientReady to distinguish it from the gateway READY event and will only emit under that name in v15. Please use clientReady instead.
2026-06-11T15:32:20.399301967Z (Use `node --trace-deprecation ...` to show where the warning was created)