2026-06-13T04:00:50.328540120Z ✅ Comando carregado: addrolls (Admin/addrolls.js)
2026-06-13T04:00:50.332959116Z ✅ Comando carregado: backupgithub (Admin/github_backup.js)
2026-06-13T04:00:50.333734590Z ✅ Comando carregado: resetar (Admin/resetar.js)
2026-06-13T04:00:50.334606248Z ✅ Comando carregado: setestatistica (Admin/setestatistica.js)
2026-06-13T04:00:50.337425767Z ✅ Comando carregado: setperfil (Admin/setperfil.js)
2026-06-13T04:00:50.338657928Z ✅ Comando carregado: setstatus (Admin/setstatus.js)
2026-06-13T04:00:50.339575375Z ✅ Comando carregado: armas (Info/armas.js)
2026-06-13T04:00:50.340223900Z ✅ Comando carregado: cargos (Info/cargos.js)
2026-06-13T04:00:50.341754809Z ✅ Comando carregado: estatisticas (Info/estatisticas.js)
2026-06-13T04:00:50.342441524Z ✅ Comando carregado: help (Info/help.js)
2026-06-13T04:00:50.342960519Z ✅ Comando carregado: helpadmin (Info/helpadmin.js)
2026-06-13T04:00:50.344028942Z ✅ Comando carregado: overall (Info/overall.js)
2026-06-13T04:00:50.344733712Z ✅ Comando carregado: perfil (Info/perfil.js)
2026-06-13T04:00:50.345985029Z ✅ Comando carregado: posicao (Info/posicao.js)
2026-06-13T04:00:50.346629112Z ✅ Comando carregado: setimagem (Info/setimagem.js)
2026-06-13T04:00:50.347525661Z ✅ Comando carregado: status (Info/status.js)
2026-06-13T04:00:50.348187086Z ✅ Comando carregado: treinar (Info/treinar.js)
2026-06-13T04:00:50.349922774Z ✅ Comando carregado: 1v1 (Partida/1v1.js)
2026-06-13T04:00:50.351427245Z ✅ Comando carregado: bolaparada (Partida/Bolaparada.js)
2026-06-13T04:00:50.352062806Z ✅ Comando carregado: campo (Partida/campo.js)
2026-06-13T04:00:50.352758109Z ✅ Comando carregado: chute (Partida/chute.js)
2026-06-13T04:00:50.353841214Z ✅ Comando carregado: cruzamento (Partida/cruzamento.js)
2026-06-13T04:00:50.354569601Z ✅ Comando carregado: defender (Partida/defender.js)
2026-06-13T04:00:50.355309797Z ✅ Comando carregado: dominar (Partida/dominar.js)
2026-06-13T04:00:50.355987934Z ✅ Comando carregado: driblar (Partida/driblar.js)
2026-06-13T04:00:50.356914936Z ✅ Comando carregado: entrar (Partida/entrar.js)
2026-06-13T04:00:50.357445572Z ✅ Comando carregado: finalizar (Partida/finalizar.js)
2026-06-13T04:00:50.359119392Z ✅ Comando carregado: interceptar (Partida/interceptar.js)
2026-06-13T04:00:50.360118767Z ✅ Comando carregado: marcar (Partida/marcar.js)
2026-06-13T04:00:50.360524596Z ✅ Comando carregado: partida (Partida/partida.js)
2026-06-13T04:00:50.361275686Z ✅ Comando carregado: passe (Partida/passe.js)
2026-06-13T04:00:50.362527843Z ✅ Comando carregado: placar (Partida/placar.js)
2026-06-13T04:00:50.363134184Z ✅ Comando carregado: pontape (Partida/pontape.js)
2026-06-13T04:00:50.363596147Z ✅ Comando carregado: ranking (Partida/ranking.js)
2026-06-13T04:00:50.364161653Z ✅ Comando carregado: desarmar (Partida/roubarbola.js)
2026-06-13T04:00:50.364632080Z ✅ Comando carregado: statusjogo (Partida/statusjogo.js)
2026-06-13T04:00:50.366812449Z ✅ Comando carregado: testar (Partida/testar.js)
2026-06-13T04:00:50.367760805Z ✅ Comando carregado: velocidade (Partida/velocidade.js)
2026-06-13T04:00:50.368953337Z ⚠️ Não foi possível encontrar habilidades.js automaticamente. Usando fallback de segurança.
2026-06-13T04:00:50.368991424Z ✅ Comando carregado: roll (Rolls/rollestilo.js)
2026-06-13T04:00:50.369010791Z 📦 Total de comandos carregados: 39
2026-06-13T04:00:50.370327913Z ✅ Evento carregado: guildMemberRemove
2026-06-13T04:00:50.370970367Z ✅ Evento carregado: messageCreate
2026-06-13T04:00:50.372119644Z ✅ Evento carregado: ready
2026-06-13T04:00:52.039463489Z ✅ Bot online! Logado como ✦﹒Rin Itoshi﹒❄#7066
2026-06-13T04:00:52.039847217Z (node:11) DeprecationWarning: The ready event has been renamed to clientReady to distinguish it from the gateway READY event and will only emit under that name in v15. Please use clientReady instead.
2026-06-13T04:00:52.039860387Z (Use `node --trace-deprecation ...` to show where the warning was created)