2026-06-09T15:11:44.172443875Z ✅ Comando carregado: addrolls (Admin/addrolls.js)
2026-06-09T15:11:44.173343013Z [Backup GitHub] Biblioteca "dotenv" não encontrada. Tentando instalar dinamicamente...
2026-06-09T15:11:44.953551663Z [Backup GitHub] Erro ao carregar ou instalar o dotenv automaticamente: Cannot find module 'dotenv'
2026-06-09T15:11:44.953572126Z Require stack:
2026-06-09T15:11:44.953575268Z - /application/commands/Admin/github_backup.js
2026-06-09T15:11:44.953577644Z - /application/index.js
2026-06-09T15:11:44.953804510Z ✅ Comando carregado: backupgithub (Admin/github_backup.js)
2026-06-09T15:11:44.954654541Z ✅ Comando carregado: resetar (Admin/resetar.js)
2026-06-09T15:11:44.956280919Z ✅ Comando carregado: setestatistica (Admin/setestatistica.js)
2026-06-09T15:11:44.957780667Z ✅ Comando carregado: setperfil (Admin/setperfil.js)
2026-06-09T15:11:44.958658134Z ✅ Comando carregado: setstatus (Admin/setstatus.js)
2026-06-09T15:11:44.959392747Z ✅ Comando carregado: armas (Info/armas.js)
2026-06-09T15:11:44.959896505Z ✅ Comando carregado: cargos (Info/cargos.js)
2026-06-09T15:11:44.960998587Z ✅ Comando carregado: estatisticas (Info/estatisticas.js)
2026-06-09T15:11:44.961557058Z ✅ Comando carregado: help (Info/help.js)
2026-06-09T15:11:44.961918873Z ✅ Comando carregado: helpadmin (Info/helpadmin.js)
2026-06-09T15:11:44.962586450Z ✅ Comando carregado: overall (Info/overall.js)
2026-06-09T15:11:44.963303436Z ✅ Comando carregado: perfil (Info/perfil.js)
2026-06-09T15:11:44.963852248Z ✅ Comando carregado: posicao (Info/posicao.js)
2026-06-09T15:11:44.964522169Z ✅ Comando carregado: roll (Info/roll.js)
2026-06-09T15:11:44.965011753Z ✅ Comando carregado: setimagem (Info/setimagem.js)
2026-06-09T15:11:44.965744878Z ✅ Comando carregado: status (Info/status.js)
2026-06-09T15:11:44.967400439Z ✅ Comando carregado: treinar (Info/treinar.js)
2026-06-09T15:11:44.968187704Z ✅ Comando carregado: 1v1 (Partida/1v1.js)
2026-06-09T15:11:44.969195537Z ✅ Comando carregado: bolaparada (Partida/Bolaparada.js)
2026-06-09T15:11:44.969662365Z ✅ Comando carregado: campo (Partida/campo.js)
2026-06-09T15:11:44.970561081Z ✅ Comando carregado: chute (Partida/chute.js)
2026-06-09T15:11:44.971362963Z ✅ Comando carregado: cruzamento (Partida/cruzamento.js)
2026-06-09T15:11:44.972105108Z ✅ Comando carregado: chute (Partida/defender.js)
2026-06-09T15:11:44.972914669Z ✅ Comando carregado: dominar (Partida/dominar.js)
2026-06-09T15:11:44.973682605Z ✅ Comando carregado: driblar (Partida/driblar.js)
2026-06-09T15:11:44.974468803Z ✅ Comando carregado: entrar (Partida/entrar.js)
2026-06-09T15:11:44.975743919Z ✅ Comando carregado: finalizar (Partida/finalizar.js)
2026-06-09T15:11:44.976718084Z ✅ Comando carregado: interceptar (Partida/interceptar.js)
2026-06-09T15:11:44.977443872Z ✅ Comando carregado: marcar (Partida/marcar.js)
2026-06-09T15:11:44.977826689Z ✅ Comando carregado: partida (Partida/partida.js)
2026-06-09T15:11:44.978695167Z ✅ Comando carregado: passe (Partida/passe.js)
2026-06-09T15:11:44.979086745Z ✅ Comando carregado: placar (Partida/placar.js)
2026-06-09T15:11:44.979592109Z ✅ Comando carregado: pontape (Partida/pontape.js)
2026-06-09T15:11:44.979985140Z ✅ Comando carregado: ranking (Partida/ranking.js)
2026-06-09T15:11:44.980667689Z ✅ Comando carregado: desarmar (Partida/roubarbola.js)
2026-06-09T15:11:44.981224731Z ✅ Comando carregado: statusjogo (Partida/statusjogo.js)
2026-06-09T15:11:44.984005168Z ✅ Comando carregado: testar (Partida/testar.js)
2026-06-09T15:11:44.984664388Z ✅ Comando carregado: velocidade (Partida/velocidade.js)
2026-06-09T15:11:44.985346141Z ✅ Comando carregado: familia (Rolls/rollestilo.js)
2026-06-09T15:11:44.985393242Z 📦 Total de comandos carregados: 39
2026-06-09T15:11:44.987456098Z ✅ Evento carregado: guildMemberRemove
2026-06-09T15:11:44.988221450Z ✅ Evento carregado: messageCreate
2026-06-09T15:11:44.988670357Z ✅ Evento carregado: ready
2026-06-09T15:11:45.442630768Z ✅ Bot online! Logado como ✦﹒Rin Itoshi﹒❄#7066
2026-06-09T15:11:45.443266466Z (node:11) DeprecationWarning: The ready event has been renamed to clientReady to distinguish it from the gateway READY event and will only emit under that name in v15. Please use clientReady instead.
2026-06-09T15:11:45.443280595Z (Use `node --trace-deprecation ...` to show where the warning was created)