2026-06-13T04:13:22.649156052Z ✅ Comando carregado: addrolls (Admin/addrolls.js)
2026-06-13T04:13:22.653899074Z ✅ Comando carregado: backupgithub (Admin/github_backup.js)
2026-06-13T04:13:22.654500245Z ✅ Comando carregado: resetar (Admin/resetar.js)
2026-06-13T04:13:22.655207900Z ✅ Comando carregado: setestatistica (Admin/setestatistica.js)
2026-06-13T04:13:22.656758013Z ✅ Comando carregado: setperfil (Admin/setperfil.js)
2026-06-13T04:13:22.657456797Z ✅ Comando carregado: setstatus (Admin/setstatus.js)
2026-06-13T04:13:22.658181381Z ✅ Comando carregado: armas (Info/armas.js)
2026-06-13T04:13:22.658719732Z ✅ Comando carregado: cargos (Info/cargos.js)
2026-06-13T04:13:22.659826521Z ✅ Comando carregado: estatisticas (Info/estatisticas.js)
2026-06-13T04:13:22.660444678Z ✅ Comando carregado: help (Info/help.js)
2026-06-13T04:13:22.660903741Z ✅ Comando carregado: helpadmin (Info/helpadmin.js)
2026-06-13T04:13:22.661538382Z ✅ Comando carregado: overall (Info/overall.js)
2026-06-13T04:13:22.662122930Z ✅ Comando carregado: perfil (Info/perfil.js)
2026-06-13T04:13:22.662626856Z ✅ Comando carregado: posicao (Info/posicao.js)
2026-06-13T04:13:22.663100143Z ✅ Comando carregado: setimagem (Info/setimagem.js)
2026-06-13T04:13:22.663806162Z ✅ Comando carregado: status (Info/status.js)
2026-06-13T04:13:22.665063296Z ✅ Comando carregado: treinar (Info/treinar.js)
2026-06-13T04:13:22.665808390Z ✅ Comando carregado: 1v1 (Partida/1v1.js)
2026-06-13T04:13:22.666671320Z ✅ Comando carregado: bolaparada (Partida/Bolaparada.js)
2026-06-13T04:13:22.667027115Z ✅ Comando carregado: campo (Partida/campo.js)
2026-06-13T04:13:22.667696495Z ✅ Comando carregado: chute (Partida/chute.js)
2026-06-13T04:13:22.668650292Z ✅ Comando carregado: cruzamento (Partida/cruzamento.js)
2026-06-13T04:13:22.669485646Z ✅ Comando carregado: defender (Partida/defender.js)
2026-06-13T04:13:22.670189249Z ✅ Comando carregado: dominar (Partida/dominar.js)
2026-06-13T04:13:22.670838919Z ✅ Comando carregado: driblar (Partida/driblar.js)
2026-06-13T04:13:22.671445549Z ✅ Comando carregado: partida (Partida/entrar.js)
2026-06-13T04:13:22.671775096Z ✅ Comando carregado: finalizar (Partida/finalizar.js)
2026-06-13T04:13:22.673125357Z ✅ Comando carregado: interceptar (Partida/interceptar.js)
2026-06-13T04:13:22.673859223Z ✅ Comando carregado: marcar (Partida/marcar.js)
2026-06-13T04:13:22.674234995Z ✅ Comando carregado: partida (Partida/partida.js)
2026-06-13T04:13:22.674859716Z ✅ Comando carregado: passe (Partida/passe.js)
2026-06-13T04:13:22.675251187Z ✅ Comando carregado: placar (Partida/placar.js)
2026-06-13T04:13:22.675735197Z ✅ Comando carregado: pontape (Partida/pontape.js)
2026-06-13T04:13:22.676111556Z ✅ Comando carregado: ranking (Partida/ranking.js)
2026-06-13T04:13:22.676721476Z ✅ Comando carregado: desarmar (Partida/roubarbola.js)
2026-06-13T04:13:22.677155541Z ✅ Comando carregado: statusjogo (Partida/statusjogo.js)
2026-06-13T04:13:22.679170411Z ✅ Comando carregado: testar (Partida/testar.js)
2026-06-13T04:13:22.679886604Z ✅ Comando carregado: velocidade (Partida/velocidade.js)
2026-06-13T04:13:22.680665499Z ✅ Habilidades carregadas com sucesso!
2026-06-13T04:13:22.680682726Z ✅ Comando carregado: roll (Rolls/rollestilo.js)
2026-06-13T04:13:22.680710144Z 📦 Total de comandos carregados: 38
2026-06-13T04:13:22.681712523Z ✅ Evento carregado: guildMemberRemove
2026-06-13T04:13:22.692500326Z ✅ Evento carregado: messageCreate
2026-06-13T04:13:22.693003396Z ✅ Evento carregado: ready
2026-06-13T04:13:23.123190470Z ✅ Bot online! Logado como ✦﹒Rin Itoshi﹒❄#7066
2026-06-13T04:13:23.123497439Z (node:11) DeprecationWarning: The ready event has been renamed to clientReady to distinguish it from the gateway READY event and will only emit under that name in v15. Please use clientReady instead.
2026-06-13T04:13:23.123516843Z (Use `node --trace-deprecation ...` to show where the warning was created)