2026-06-13T04:11:54.626680379Z ✅ Comando carregado: addrolls (Admin/addrolls.js)
2026-06-13T04:11:54.630280398Z ✅ Comando carregado: backupgithub (Admin/github_backup.js)
2026-06-13T04:11:54.630917094Z ✅ Comando carregado: resetar (Admin/resetar.js)
2026-06-13T04:11:54.631564171Z ✅ Comando carregado: setestatistica (Admin/setestatistica.js)
2026-06-13T04:11:54.633805748Z ✅ Comando carregado: setperfil (Admin/setperfil.js)
2026-06-13T04:11:54.634430997Z ✅ Comando carregado: setstatus (Admin/setstatus.js)
2026-06-13T04:11:54.635042493Z ✅ Comando carregado: armas (Info/armas.js)
2026-06-13T04:11:54.635479306Z ✅ Comando carregado: cargos (Info/cargos.js)
2026-06-13T04:11:54.636514609Z ✅ Comando carregado: estatisticas (Info/estatisticas.js)
2026-06-13T04:11:54.637166231Z ✅ Comando carregado: help (Info/help.js)
2026-06-13T04:11:54.637599009Z ✅ Comando carregado: helpadmin (Info/helpadmin.js)
2026-06-13T04:11:54.638282241Z ✅ Comando carregado: overall (Info/overall.js)
2026-06-13T04:11:54.638875197Z ✅ Comando carregado: perfil (Info/perfil.js)
2026-06-13T04:11:54.639421357Z ✅ Comando carregado: posicao (Info/posicao.js)
2026-06-13T04:11:54.639899895Z ✅ Comando carregado: setimagem (Info/setimagem.js)
2026-06-13T04:11:54.640724242Z ✅ Comando carregado: status (Info/status.js)
2026-06-13T04:11:54.641341691Z ✅ Comando carregado: treinar (Info/treinar.js)
2026-06-13T04:11:54.642092955Z ✅ Comando carregado: 1v1 (Partida/1v1.js)
2026-06-13T04:11:54.643782669Z ✅ Comando carregado: bolaparada (Partida/Bolaparada.js)
2026-06-13T04:11:54.644136459Z ✅ Comando carregado: campo (Partida/campo.js)
2026-06-13T04:11:54.644820318Z ✅ Comando carregado: chute (Partida/chute.js)
2026-06-13T04:11:54.645557140Z ✅ Comando carregado: cruzamento (Partida/cruzamento.js)
2026-06-13T04:11:54.646249052Z ✅ Comando carregado: defender (Partida/defender.js)
2026-06-13T04:11:54.646996054Z ✅ Comando carregado: dominar (Partida/dominar.js)
2026-06-13T04:11:54.647617195Z ✅ Comando carregado: driblar (Partida/driblar.js)
2026-06-13T04:11:54.648136547Z ✅ Comando carregado: partida (Partida/entrar.js)
2026-06-13T04:11:54.648572274Z ✅ Comando carregado: finalizar (Partida/finalizar.js)
2026-06-13T04:11:54.649217308Z ✅ Comando carregado: interceptar (Partida/interceptar.js)
2026-06-13T04:11:54.650621375Z ✅ Comando carregado: marcar (Partida/marcar.js)
2026-06-13T04:11:54.651026912Z ✅ Comando carregado: partida (Partida/partida.js)
2026-06-13T04:11:54.651659173Z ✅ Comando carregado: passe (Partida/passe.js)
2026-06-13T04:11:54.652037991Z ✅ Comando carregado: placar (Partida/placar.js)
2026-06-13T04:11:54.652571865Z ✅ Comando carregado: pontape (Partida/pontape.js)
2026-06-13T04:11:54.652890416Z ✅ Comando carregado: ranking (Partida/ranking.js)
2026-06-13T04:11:54.653528320Z ✅ Comando carregado: desarmar (Partida/roubarbola.js)
2026-06-13T04:11:54.653979575Z ✅ Comando carregado: statusjogo (Partida/statusjogo.js)
2026-06-13T04:11:54.656038107Z ✅ Comando carregado: testar (Partida/testar.js)
2026-06-13T04:11:54.656778351Z ✅ Comando carregado: velocidade (Partida/velocidade.js)
2026-06-13T04:11:54.657643891Z ✅ Habilidades carregadas com sucesso!
2026-06-13T04:11:54.657661634Z ✅ Comando carregado: roll (Rolls/rollestilo.js)
2026-06-13T04:11:54.657664880Z 📦 Total de comandos carregados: 38
2026-06-13T04:11:54.658714931Z ✅ Evento carregado: guildMemberRemove
2026-06-13T04:11:54.659401242Z ✅ Evento carregado: messageCreate
2026-06-13T04:11:54.659790457Z ✅ Evento carregado: ready
2026-06-13T04:11:56.103296779Z ✅ Bot online! Logado como ✦﹒Rin Itoshi﹒❄#7066
2026-06-13T04:11:56.103551543Z (node:11) DeprecationWarning: The ready event has been renamed to clientReady to distinguish it from the gateway READY event and will only emit under that name in v15. Please use clientReady instead.
2026-06-13T04:11:56.103564402Z (Use `node --trace-deprecation ...` to show where the warning was created)