2026-06-11T15:35:10.343009300Z ✅ Comando carregado: addrolls (Admin/addrolls.js)
2026-06-11T15:35:10.346548658Z ✅ Comando carregado: backupgithub (Admin/github_backup.js)
2026-06-11T15:35:10.347161468Z ✅ Comando carregado: resetar (Admin/resetar.js)
2026-06-11T15:35:10.348025326Z ✅ Comando carregado: setestatistica (Admin/setestatistica.js)
2026-06-11T15:35:10.351017198Z ✅ Comando carregado: setperfil (Admin/setperfil.js)
2026-06-11T15:35:10.351956907Z ✅ Comando carregado: setstatus (Admin/setstatus.js)
2026-06-11T15:35:10.352681089Z ✅ Comando carregado: armas (Info/armas.js)
2026-06-11T15:35:10.353129604Z ✅ Comando carregado: cargos (Info/cargos.js)
2026-06-11T15:35:10.354394429Z ✅ Comando carregado: estatisticas (Info/estatisticas.js)
2026-06-11T15:35:10.355218070Z ✅ Comando carregado: help (Info/help.js)
2026-06-11T15:35:10.355818587Z ✅ Comando carregado: helpadmin (Info/helpadmin.js)
2026-06-11T15:35:10.356816138Z ✅ Comando carregado: overall (Info/overall.js)
2026-06-11T15:35:10.357664968Z ✅ Comando carregado: perfil (Info/perfil.js)
2026-06-11T15:35:10.358412140Z ✅ Comando carregado: posicao (Info/posicao.js)
2026-06-11T15:35:10.358988423Z ✅ Comando carregado: setimagem (Info/setimagem.js)
2026-06-11T15:35:10.359705844Z ✅ Comando carregado: status (Info/status.js)
2026-06-11T15:35:10.360246793Z ✅ Comando carregado: treinar (Info/treinar.js)
2026-06-11T15:35:10.361803147Z ✅ Comando carregado: 1v1 (Partida/1v1.js)
2026-06-11T15:35:10.362741253Z ✅ Comando carregado: bolaparada (Partida/Bolaparada.js)
2026-06-11T15:35:10.363152702Z ✅ Comando carregado: campo (Partida/campo.js)
2026-06-11T15:35:10.363895036Z ✅ Comando carregado: chute (Partida/chute.js)
2026-06-11T15:35:10.364660961Z ✅ Comando carregado: cruzamento (Partida/cruzamento.js)
2026-06-11T15:35:10.365481726Z ✅ Comando carregado: chute (Partida/defender.js)
2026-06-11T15:35:10.366105654Z ✅ Comando carregado: dominar (Partida/dominar.js)
2026-06-11T15:35:10.366820027Z ✅ Comando carregado: driblar (Partida/driblar.js)
2026-06-11T15:35:10.367521593Z ✅ Comando carregado: entrar (Partida/entrar.js)
2026-06-11T15:35:10.367880397Z ✅ Comando carregado: finalizar (Partida/finalizar.js)
2026-06-11T15:35:10.369427601Z ✅ Comando carregado: interceptar (Partida/interceptar.js)
2026-06-11T15:35:10.370101981Z ✅ Comando carregado: marcar (Partida/marcar.js)
2026-06-11T15:35:10.370522555Z ✅ Comando carregado: partida (Partida/partida.js)
2026-06-11T15:35:10.371359954Z ✅ Comando carregado: passe (Partida/passe.js)
2026-06-11T15:35:10.371701600Z ✅ Comando carregado: placar (Partida/placar.js)
2026-06-11T15:35:10.372232703Z ✅ Comando carregado: pontape (Partida/pontape.js)
2026-06-11T15:35:10.372706755Z ✅ Comando carregado: ranking (Partida/ranking.js)
2026-06-11T15:35:10.373452549Z ✅ Comando carregado: desarmar (Partida/roubarbola.js)
2026-06-11T15:35:10.373814464Z ✅ Comando carregado: statusjogo (Partida/statusjogo.js)
2026-06-11T15:35:10.375789038Z ✅ Comando carregado: testar (Partida/testar.js)
2026-06-11T15:35:10.376541329Z ✅ Comando carregado: velocidade (Partida/velocidade.js)
2026-06-11T15:35:10.377457731Z ⚠️ Não foi possível encontrar habilidades.js automaticamente. Usando fallback de segurança.
2026-06-11T15:35:10.377514190Z ✅ Comando carregado: roll (Rolls/rollestilo.js)
2026-06-11T15:35:10.377544496Z 📦 Total de comandos carregados: 38
2026-06-11T15:35:10.378583495Z ✅ Evento carregado: guildMemberRemove
2026-06-11T15:35:10.392503238Z ✅ Evento carregado: messageCreate
2026-06-11T15:35:10.393605447Z ✅ Evento carregado: ready
2026-06-11T15:35:11.123066144Z ✅ Bot online! Logado como ✦﹒Rin Itoshi﹒❄#7066
2026-06-11T15:35:11.123290052Z (node:11) DeprecationWarning: The ready event has been renamed to clientReady to distinguish it from the gateway READY event and will only emit under that name in v15. Please use clientReady instead.
2026-06-11T15:35:11.123303213Z (Use `node --trace-deprecation ...` to show where the warning was created)