2026-06-13T20:54:58.639908025Z ✅ 84 armas/habilidades carregadas!
2026-06-13T20:55:06.623480328Z ✅ 84 armas/habilidades carregadas!
2026-06-13T20:55:20.823945781Z ✅ Comando carregado: addrolls (Admin/addrolls.js)
2026-06-13T20:55:20.827603844Z ✅ Comando carregado: backupgithub (Admin/github_backup.js)
2026-06-13T20:55:20.828356424Z ✅ Comando carregado: resetar (Admin/resetar.js)
2026-06-13T20:55:20.829112923Z ✅ Comando carregado: setestatistica (Admin/setestatistica.js)
2026-06-13T20:55:20.832633498Z ✅ Comando carregado: setperfil (Admin/setperfil.js)
2026-06-13T20:55:20.833426646Z ✅ Comando carregado: setstatus (Admin/setstatus.js)
2026-06-13T20:55:20.834165813Z ✅ Comando carregado: armas (Info/armas.js)
2026-06-13T20:55:20.834754975Z ✅ Comando carregado: cargos (Info/cargos.js)
2026-06-13T20:55:20.835940876Z ✅ Comando carregado: estatisticas (Info/estatisticas.js)
2026-06-13T20:55:20.836757870Z ✅ Comando carregado: help (Info/help.js)
2026-06-13T20:55:20.837247322Z ✅ Comando carregado: helpadmin (Info/helpadmin.js)
2026-06-13T20:55:20.838338239Z ✅ Comando carregado: overall (Info/overall.js)
2026-06-13T20:55:20.839169974Z ✅ Comando carregado: perfil (Info/perfil.js)
2026-06-13T20:55:20.839843567Z ✅ Comando carregado: posicao (Info/posicao.js)
2026-06-13T20:55:20.840487342Z ✅ Comando carregado: setimagem (Info/setimagem.js)
2026-06-13T20:55:20.841448498Z ✅ Comando carregado: status (Info/status.js)
2026-06-13T20:55:20.842116216Z ✅ Comando carregado: treinar (Info/treinar.js)
2026-06-13T20:55:20.843849057Z ✅ Comando carregado: 1v1 (Partida/1v1.js)
2026-06-13T20:55:20.845024249Z ✅ Comando carregado: bolaparada (Partida/Bolaparada.js)
2026-06-13T20:55:20.845456077Z ✅ Comando carregado: campo (Partida/campo.js)
2026-06-13T20:55:20.847983208Z ✅ Comando carregado: chute (Partida/chute.js)
2026-06-13T20:55:20.848995744Z ✅ Comando carregado: cruzamento (Partida/cruzamento.js)
2026-06-13T20:55:20.849013413Z ✅ Comando carregado: defender (Partida/defender.js)
2026-06-13T20:55:20.849900317Z ✅ Comando carregado: dominar (Partida/dominar.js)
2026-06-13T20:55:20.850690632Z ✅ Comando carregado: driblar (Partida/driblar.js)
2026-06-13T20:55:20.851190303Z ✅ Comando carregado: entrar (Partida/entrar.js)
2026-06-13T20:55:20.851654993Z ✅ Comando carregado: finalizar (Partida/finalizar.js)
2026-06-13T20:55:20.853051827Z ✅ Comando carregado: interceptar (Partida/interceptar.js)
2026-06-13T20:55:20.853853112Z ✅ Comando carregado: marcar (Partida/marcar.js)
2026-06-13T20:55:20.854621584Z ✅ Comando carregado: partida (Partida/partida.js)
2026-06-13T20:55:20.855476464Z ✅ Comando carregado: passe (Partida/passe.js)
2026-06-13T20:55:20.855901030Z ✅ Comando carregado: placar (Partida/placar.js)
2026-06-13T20:55:20.856552885Z ✅ Comando carregado: pontape (Partida/pontape.js)
2026-06-13T20:55:20.857030895Z ✅ Comando carregado: ranking (Partida/ranking.js)
2026-06-13T20:55:20.857743157Z ✅ Comando carregado: desarmar (Partida/roubarbola.js)
2026-06-13T20:55:20.858256424Z ✅ Comando carregado: statusjogo (Partida/statusjogo.js)
2026-06-13T20:55:20.860727612Z ✅ Comando carregado: testar (Partida/testar.js)
2026-06-13T20:55:20.861588131Z ✅ Comando carregado: velocidade (Partida/velocidade.js)
2026-06-13T20:55:20.862598539Z ✅ Habilidades carregadas com sucesso!
2026-06-13T20:55:20.862612484Z ✅ Comando carregado: roll (Rolls/rollestilo.js)
2026-06-13T20:55:20.862642680Z 📦 Total de comandos carregados: 39
2026-06-13T20:55:20.864085778Z ✅ Evento carregado: guildMemberRemove
2026-06-13T20:55:20.865445472Z ✅ Evento carregado: messageCreate
2026-06-13T20:55:20.865888987Z ✅ Evento carregado: ready
2026-06-13T20:55:21.387038780Z ✅ Bot online! Logado como ✦﹒Rin Itoshi﹒❄#7066
2026-06-13T20:55:21.387435934Z (node:11) DeprecationWarning: The ready event has been renamed to clientReady to distinguish it from the gateway READY event and will only emit under that name in v15. Please use clientReady instead.
2026-06-13T20:55:21.387448264Z (Use `node --trace-deprecation ...` to show where the warning was created)
2026-06-13T20:55:29.376228953Z 🗂️ Jogador: dezinhoz
2026-06-13T20:55:29.376251047Z 📦 Habilidades no JSON: {}
2026-06-13T20:55:29.376313042Z 🔍 Habilidades tipo chute encontradas: 0
2026-06-13T20:55:29.376330414Z ⚡ Indo direto para execução sem habilidades
2026-06-13T20:55:42.341788632Z ✅ Comando carregado: addrolls (Admin/addrolls.js)
2026-06-13T20:55:42.345215390Z ✅ Comando carregado: backupgithub (Admin/github_backup.js)
2026-06-13T20:55:42.346857619Z ✅ Comando carregado: resetar (Admin/resetar.js)
2026-06-13T20:55:42.347410700Z ✅ Comando carregado: setestatistica (Admin/setestatistica.js)
2026-06-13T20:55:42.349367101Z ✅ Comando carregado: setperfil (Admin/setperfil.js)
2026-06-13T20:55:42.349946422Z ✅ Comando carregado: setstatus (Admin/setstatus.js)
2026-06-13T20:55:42.350567861Z ✅ Comando carregado: armas (Info/armas.js)
2026-06-13T20:55:42.351034980Z ✅ Comando carregado: cargos (Info/cargos.js)
2026-06-13T20:55:42.352028137Z ✅ Comando carregado: estatisticas (Info/estatisticas.js)
2026-06-13T20:55:42.352551434Z ✅ Comando carregado: help (Info/help.js)
2026-06-13T20:55:42.353026664Z ✅ Comando carregado: helpadmin (Info/helpadmin.js)
2026-06-13T20:55:42.353681770Z ✅ Comando carregado: overall (Info/overall.js)
2026-06-13T20:55:42.354302899Z ✅ Comando carregado: perfil (Info/perfil.js)
2026-06-13T20:55:42.354793994Z ✅ Comando carregado: posicao (Info/posicao.js)
2026-06-13T20:55:42.355262392Z ✅ Comando carregado: setimagem (Info/setimagem.js)
2026-06-13T20:55:42.356605910Z ✅ Comando carregado: status (Info/status.js)
2026-06-13T20:55:42.357150717Z ✅ Comando carregado: treinar (Info/treinar.js)
2026-06-13T20:55:42.357930599Z ✅ Comando carregado: 1v1 (Partida/1v1.js)
2026-06-13T20:55:42.358799199Z ✅ Comando carregado: bolaparada (Partida/Bolaparada.js)
2026-06-13T20:55:42.359131148Z ✅ Comando carregado: campo (Partida/campo.js)
2026-06-13T20:55:42.361041292Z ✅ Comando carregado: chute (Partida/chute.js)
2026-06-13T20:55:42.361757761Z ✅ Comando carregado: cruzamento (Partida/cruzamento.js)
2026-06-13T20:55:42.361804887Z ✅ Comando carregado: defender (Partida/defender.js)
2026-06-13T20:55:42.382139235Z ✅ Comando carregado: dominar (Partida/dominar.js)
2026-06-13T20:55:42.383107926Z ✅ Comando carregado: driblar (Partida/driblar.js)
2026-06-13T20:55:42.383775258Z ✅ Comando carregado: entrar (Partida/entrar.js)
2026-06-13T20:55:42.384326001Z ✅ Comando carregado: finalizar (Partida/finalizar.js)
2026-06-13T20:55:42.385153709Z ✅ Comando carregado: interceptar (Partida/interceptar.js)
2026-06-13T20:55:42.386155909Z ✅ Comando carregado: marcar (Partida/marcar.js)
2026-06-13T20:55:42.387095851Z ✅ Comando carregado: partida (Partida/partida.js)
2026-06-13T20:55:42.388105439Z ✅ Comando carregado: passe (Partida/passe.js)
2026-06-13T20:55:42.388627663Z ✅ Comando carregado: placar (Partida/placar.js)
2026-06-13T20:55:42.389278536Z ✅ Comando carregado: pontape (Partida/pontape.js)
2026-06-13T20:55:42.389669558Z ✅ Comando carregado: ranking (Partida/ranking.js)
2026-06-13T20:55:42.390326602Z ✅ Comando carregado: desarmar (Partida/roubarbola.js)
2026-06-13T20:55:42.390770954Z ✅ Comando carregado: statusjogo (Partida/statusjogo.js)
2026-06-13T20:55:42.393016118Z ✅ Comando carregado: testar (Partida/testar.js)
2026-06-13T20:55:42.393698120Z ✅ Comando carregado: velocidade (Partida/velocidade.js)
2026-06-13T20:55:42.395071319Z ✅ Habilidades carregadas com sucesso!
2026-06-13T20:55:42.395085275Z ✅ Comando carregado: roll (Rolls/rollestilo.js)
2026-06-13T20:55:42.395088128Z 📦 Total de comandos carregados: 39
2026-06-13T20:55:42.396089576Z ✅ Evento carregado: guildMemberRemove
2026-06-13T20:55:42.396662129Z ✅ Evento carregado: messageCreate
2026-06-13T20:55:42.396949880Z ✅ Evento carregado: ready
2026-06-13T20:55:42.811195532Z ✅ Bot online! Logado como ✦﹒Rin Itoshi﹒❄#7066
2026-06-13T20:55:42.813367451Z (node:11) DeprecationWarning: The ready event has been renamed to clientReady to distinguish it from the gateway READY event and will only emit under that name in v15. Please use clientReady instead.
2026-06-13T20:55:42.813383478Z (Use `node --trace-deprecation ...` to show where the warning was created)
2026-06-13T20:55:49.796142092Z 🗂️ Jogador: dezinhoz
2026-06-13T20:55:49.796167137Z 📦 Habilidades no JSON: {}
2026-06-13T20:55:49.796250578Z 🔍 Habilidades tipo chute encontradas: 0
2026-06-13T20:55:49.796262538Z ⚡ Indo direto para execução sem habilidades
2026-06-13T20:58:45.008220429Z ✅ 84 armas/habilidades carregadas!
2026-06-13T20:58:51.149790101Z ✅ 84 armas/habilidades carregadas!
2026-06-13T20:58:53.909683887Z ✅ 84 armas/habilidades carregadas!
2026-06-13T20:58:55.908325863Z ✅ 84 armas/habilidades carregadas!
2026-06-13T21:00:08.300546047Z ✅ 84 armas/habilidades carregadas!
2026-06-13T21:00:15.660725585Z ✅ 84 armas/habilidades carregadas!
2026-06-13T21:00:21.229663464Z ✅ 84 armas/habilidades carregadas!
2026-06-13T21:00:38.889917134Z ✅ 84 armas/habilidades carregadas!
2026-06-13T21:00:53.277590670Z ✅ 84 armas/habilidades carregadas!
2026-06-13T21:01:00.450107179Z ✅ 84 armas/habilidades carregadas!
2026-06-13T21:01:11.338955322Z ✅ 84 armas/habilidades carregadas!
2026-06-13T21:01:21.712954300Z [🧹 LIMPEZA] Processando saída de sddsex...
2026-06-13T21:01:21.713121536Z [🧹 LIMPEZA] ℹ️ sddsex não tinha dados no players.json
2026-06-13T21:01:21.713864498Z [🧹 LIMPEZA] 🎉 Limpeza de sddsex concluída com sucesso!
2026-06-13T21:01:55.055737335Z 🗂️ Jogador: antruii
2026-06-13T21:01:55.055759025Z 📦 Habilidades no JSON: {}
2026-06-13T21:01:55.055827623Z 🔍 Habilidades tipo chute encontradas: 0
2026-06-13T21:01:55.055846002Z ⚡ Indo direto para execução sem habilidades
2026-06-13T21:03:49.403301239Z ✅ 84 armas/habilidades carregadas!
2026-06-13T21:03:56.143531855Z ✅ 84 armas/habilidades carregadas!
2026-06-13T21:04:07.639206872Z ✅ 84 armas/habilidades carregadas!
2026-06-13T21:04:13.618808632Z ✅ 84 armas/habilidades carregadas!
2026-06-13T21:04:40.085383904Z ✅ 84 armas/habilidades carregadas!
2026-06-13T21:04:46.683488669Z ✅ 84 armas/habilidades carregadas!
2026-06-13T21:04:51.534357378Z ✅ 84 armas/habilidades carregadas!
2026-06-13T21:04:56.859752325Z ✅ 84 armas/habilidades carregadas!
2026-06-13T21:05:10.182573733Z ✅ 84 armas/habilidades carregadas!
2026-06-13T21:05:14.498102277Z ✅ 84 armas/habilidades carregadas!
2026-06-13T21:05:24.374557870Z ✅ 84 armas/habilidades carregadas!
2026-06-13T21:05:35.881053333Z ✅ 84 armas/habilidades carregadas!
2026-06-13T21:05:40.953553620Z ✅ 84 armas/habilidades carregadas!
2026-06-13T21:05:49.970126322Z ✅ 84 armas/habilidades carregadas!
2026-06-13T21:06:00.536928314Z ✅ 84 armas/habilidades carregadas!
2026-06-13T21:06:17.467523050Z ✅ 84 armas/habilidades carregadas!
2026-06-13T21:06:49.050734590Z ✅ 84 armas/habilidades carregadas!
2026-06-13T21:06:53.873491255Z ✅ 84 armas/habilidades carregadas!
2026-06-13T21:06:58.380089139Z ✅ 84 armas/habilidades carregadas!
2026-06-13T21:07:03.604493420Z ✅ 84 armas/habilidades carregadas!
2026-06-13T21:07:08.471341638Z ✅ 84 armas/habilidades carregadas!
2026-06-13T21:07:37.127699878Z ✅ 84 armas/habilidades carregadas!
2026-06-13T21:07:41.760597300Z ✅ 84 armas/habilidades carregadas!
2026-06-13T21:07:50.387237318Z ✅ 84 armas/habilidades carregadas!
2026-06-13T21:08:01.643287583Z ✅ 84 armas/habilidades carregadas!
2026-06-13T21:08:07.523578367Z ✅ 84 armas/habilidades carregadas!
2026-06-13T21:08:13.101710450Z ✅ 84 armas/habilidades carregadas!
2026-06-13T21:08:18.012542952Z ✅ 84 armas/habilidades carregadas!
2026-06-13T21:08:23.040595073Z ✅ 84 armas/habilidades carregadas!
2026-06-13T21:08:28.252747964Z ✅ 84 armas/habilidades carregadas!
2026-06-13T21:08:42.219457824Z ✅ 84 armas/habilidades carregadas!
2026-06-13T21:08:46.925950113Z ✅ 84 armas/habilidades carregadas!
2026-06-13T21:08:54.856880021Z ✅ 84 armas/habilidades carregadas!
2026-06-13T21:08:59.652696441Z ✅ 84 armas/habilidades carregadas!
2026-06-13T21:09:04.507745043Z ✅ 84 armas/habilidades carregadas!
2026-06-13T21:09:09.272338739Z ✅ 84 armas/habilidades carregadas!
2026-06-13T21:09:14.008498336Z ✅ 84 armas/habilidades carregadas!
2026-06-13T21:09:18.892210770Z ✅ 84 armas/habilidades carregadas!
2026-06-13T21:09:23.672533170Z ✅ 84 armas/habilidades carregadas!
2026-06-13T21:09:43.918120570Z ✅ 84 armas/habilidades carregadas!
2026-06-13T21:10:17.364920895Z ✅ 84 armas/habilidades carregadas!
2026-06-13T21:10:26.251150932Z ✅ 84 armas/habilidades carregadas!
2026-06-13T21:10:36.955534246Z ✅ 84 armas/habilidades carregadas!
2026-06-13T21:10:47.575356013Z ✅ 84 armas/habilidades carregadas!
2026-06-13T21:10:52.346951538Z ✅ 84 armas/habilidades carregadas!
2026-06-13T21:10:57.283711357Z ✅ 84 armas/habilidades carregadas!
2026-06-13T21:11:02.114346436Z ✅ 84 armas/habilidades carregadas!
2026-06-13T21:11:07.801940038Z ✅ 84 armas/habilidades carregadas!
2026-06-13T21:11:12.403500879Z ✅ 84 armas/habilidades carregadas!
2026-06-13T21:11:45.802780321Z ✅ 84 armas/habilidades carregadas!
2026-06-13T21:11:51.623251834Z ✅ 84 armas/habilidades carregadas!
2026-06-13T21:11:57.866504161Z ✅ 84 armas/habilidades carregadas!
2026-06-13T21:12:02.926060462Z ✅ 84 armas/habilidades carregadas!
2026-06-13T21:12:08.406237855Z ✅ 84 armas/habilidades carregadas!
2026-06-13T21:12:13.043782525Z ✅ 84 armas/habilidades carregadas!
2026-06-13T21:12:18.227863670Z ✅ 84 armas/habilidades carregadas!
2026-06-13T21:12:43.309702163Z ✅ 84 armas/habilidades carregadas!
2026-06-13T21:12:47.766556220Z ✅ 84 armas/habilidades carregadas!
2026-06-13T21:12:52.416879784Z ✅ 84 armas/habilidades carregadas!
2026-06-13T21:12:57.548468357Z ✅ 84 armas/habilidades carregadas!
2026-06-13T21:13:04.102027894Z ✅ 84 armas/habilidades carregadas!
2026-06-13T21:13:08.922022032Z ✅ 84 armas/habilidades carregadas!
2026-06-13T21:13:13.549576758Z ✅ 84 armas/habilidades carregadas!
2026-06-13T21:13:18.851902011Z ✅ 84 armas/habilidades carregadas!
2026-06-13T21:13:32.291121258Z ✅ 84 armas/habilidades carregadas!
2026-06-13T21:13:36.745637352Z ✅ 84 armas/habilidades carregadas!
2026-06-13T21:13:41.367497945Z ✅ 84 armas/habilidades carregadas!
2026-06-13T21:13:46.632946818Z ✅ 84 armas/habilidades carregadas!
2026-06-13T21:13:51.513826583Z ✅ 84 armas/habilidades carregadas!
2026-06-13T21:13:57.751502759Z ✅ 84 armas/habilidades carregadas!
2026-06-13T21:14:02.460235113Z ✅ 84 armas/habilidades carregadas!
2026-06-13T21:14:08.540423739Z ✅ 84 armas/habilidades carregadas!
2026-06-13T21:14:13.379039611Z ✅ 84 armas/habilidades carregadas!
2026-06-13T21:14:19.013842609Z ✅ 84 armas/habilidades carregadas!