2026-06-13T20:54:31.633635195Z ✅ 84 armas/habilidades carregadas!
2026-06-13T20:54:58.639908025Z ✅ 84 armas/habilidades carregadas!
2026-06-13T20:55:06.623480328Z ✅ 84 armas/habilidades carregadas!
2026-06-13T20:55:20.823945781Z ✅ Comando carregado: addrolls (Admin/addrolls.js)
2026-06-13T20:55:20.827603844Z ✅ Comando carregado: backupgithub (Admin/github_backup.js)
2026-06-13T20:55:20.828356424Z ✅ Comando carregado: resetar (Admin/resetar.js)
2026-06-13T20:55:20.829112923Z ✅ Comando carregado: setestatistica (Admin/setestatistica.js)
2026-06-13T20:55:20.832633498Z ✅ Comando carregado: setperfil (Admin/setperfil.js)
2026-06-13T20:55:20.833426646Z ✅ Comando carregado: setstatus (Admin/setstatus.js)
2026-06-13T20:55:20.834165813Z ✅ Comando carregado: armas (Info/armas.js)
2026-06-13T20:55:20.834754975Z ✅ Comando carregado: cargos (Info/cargos.js)
2026-06-13T20:55:20.835940876Z ✅ Comando carregado: estatisticas (Info/estatisticas.js)
2026-06-13T20:55:20.836757870Z ✅ Comando carregado: help (Info/help.js)
2026-06-13T20:55:20.837247322Z ✅ Comando carregado: helpadmin (Info/helpadmin.js)
2026-06-13T20:55:20.838338239Z ✅ Comando carregado: overall (Info/overall.js)
2026-06-13T20:55:20.839169974Z ✅ Comando carregado: perfil (Info/perfil.js)
2026-06-13T20:55:20.839843567Z ✅ Comando carregado: posicao (Info/posicao.js)
2026-06-13T20:55:20.840487342Z ✅ Comando carregado: setimagem (Info/setimagem.js)
2026-06-13T20:55:20.841448498Z ✅ Comando carregado: status (Info/status.js)
2026-06-13T20:55:20.842116216Z ✅ Comando carregado: treinar (Info/treinar.js)
2026-06-13T20:55:20.843849057Z ✅ Comando carregado: 1v1 (Partida/1v1.js)
2026-06-13T20:55:20.845024249Z ✅ Comando carregado: bolaparada (Partida/Bolaparada.js)
2026-06-13T20:55:20.845456077Z ✅ Comando carregado: campo (Partida/campo.js)
2026-06-13T20:55:20.847983208Z ✅ Comando carregado: chute (Partida/chute.js)
2026-06-13T20:55:20.848995744Z ✅ Comando carregado: cruzamento (Partida/cruzamento.js)
2026-06-13T20:55:20.849013413Z ✅ Comando carregado: defender (Partida/defender.js)
2026-06-13T20:55:20.849900317Z ✅ Comando carregado: dominar (Partida/dominar.js)
2026-06-13T20:55:20.850690632Z ✅ Comando carregado: driblar (Partida/driblar.js)
2026-06-13T20:55:20.851190303Z ✅ Comando carregado: entrar (Partida/entrar.js)
2026-06-13T20:55:20.851654993Z ✅ Comando carregado: finalizar (Partida/finalizar.js)
2026-06-13T20:55:20.853051827Z ✅ Comando carregado: interceptar (Partida/interceptar.js)
2026-06-13T20:55:20.853853112Z ✅ Comando carregado: marcar (Partida/marcar.js)
2026-06-13T20:55:20.854621584Z ✅ Comando carregado: partida (Partida/partida.js)
2026-06-13T20:55:20.855476464Z ✅ Comando carregado: passe (Partida/passe.js)
2026-06-13T20:55:20.855901030Z ✅ Comando carregado: placar (Partida/placar.js)
2026-06-13T20:55:20.856552885Z ✅ Comando carregado: pontape (Partida/pontape.js)
2026-06-13T20:55:20.857030895Z ✅ Comando carregado: ranking (Partida/ranking.js)
2026-06-13T20:55:20.857743157Z ✅ Comando carregado: desarmar (Partida/roubarbola.js)
2026-06-13T20:55:20.858256424Z ✅ Comando carregado: statusjogo (Partida/statusjogo.js)
2026-06-13T20:55:20.860727612Z ✅ Comando carregado: testar (Partida/testar.js)
2026-06-13T20:55:20.861588131Z ✅ Comando carregado: velocidade (Partida/velocidade.js)
2026-06-13T20:55:20.862598539Z ✅ Habilidades carregadas com sucesso!
2026-06-13T20:55:20.862612484Z ✅ Comando carregado: roll (Rolls/rollestilo.js)
2026-06-13T20:55:20.862642680Z 📦 Total de comandos carregados: 39
2026-06-13T20:55:20.864085778Z ✅ Evento carregado: guildMemberRemove
2026-06-13T20:55:20.865445472Z ✅ Evento carregado: messageCreate
2026-06-13T20:55:20.865888987Z ✅ Evento carregado: ready
2026-06-13T20:55:21.387038780Z ✅ Bot online! Logado como ✦﹒Rin Itoshi﹒❄#7066
2026-06-13T20:55:21.387435934Z (node:11) DeprecationWarning: The ready event has been renamed to clientReady to distinguish it from the gateway READY event and will only emit under that name in v15. Please use clientReady instead.
2026-06-13T20:55:21.387448264Z (Use `node --trace-deprecation ...` to show where the warning was created)
2026-06-13T20:55:29.376228953Z 🗂️ Jogador: dezinhoz
2026-06-13T20:55:29.376251047Z 📦 Habilidades no JSON: {}
2026-06-13T20:55:29.376313042Z 🔍 Habilidades tipo chute encontradas: 0
2026-06-13T20:55:29.376330414Z ⚡ Indo direto para execução sem habilidades