2026-06-13T21:22:48.651755291Z ✅ 84 armas/habilidades carregadas!
2026-06-13T21:23:03.386695769Z ✅ 84 armas/habilidades carregadas!
2026-06-13T21:23:05.852935984Z ✅ Comando carregado: addrolls (Admin/addrolls.js)
2026-06-13T21:23:05.856903310Z ✅ Comando carregado: backupgithub (Admin/github_backup.js)
2026-06-13T21:23:05.857521863Z ✅ Comando carregado: resetar (Admin/resetar.js)
2026-06-13T21:23:05.858155767Z ✅ Comando carregado: setestatistica (Admin/setestatistica.js)
2026-06-13T21:23:05.873912138Z ✅ Comando carregado: setperfil (Admin/setperfil.js)
2026-06-13T21:23:05.874725470Z ✅ Comando carregado: setstatus (Admin/setstatus.js)
2026-06-13T21:23:05.875434421Z ✅ Comando carregado: armas (Info/armas.js)
2026-06-13T21:23:05.875890732Z ✅ Comando carregado: cargos (Info/cargos.js)
2026-06-13T21:23:05.877015781Z ✅ Comando carregado: estatisticas (Info/estatisticas.js)
2026-06-13T21:23:05.877771192Z ✅ Comando carregado: help (Info/help.js)
2026-06-13T21:23:05.878257871Z ✅ Comando carregado: helpadmin (Info/helpadmin.js)
2026-06-13T21:23:05.878949328Z ✅ Comando carregado: overall (Info/overall.js)
2026-06-13T21:23:05.879603112Z ✅ Comando carregado: perfil (Info/perfil.js)
2026-06-13T21:23:05.880094872Z ✅ Comando carregado: posicao (Info/posicao.js)
2026-06-13T21:23:05.880580479Z ✅ Comando carregado: setimagem (Info/setimagem.js)
2026-06-13T21:23:05.881392341Z ✅ Comando carregado: status (Info/status.js)
2026-06-13T21:23:05.881937763Z ✅ Comando carregado: treinar (Info/treinar.js)
2026-06-13T21:23:05.883566233Z ✅ Comando carregado: 1v1 (Partida/1v1.js)
2026-06-13T21:23:05.884543701Z ✅ Comando carregado: bolaparada (Partida/Bolaparada.js)
2026-06-13T21:23:05.884875579Z ✅ Comando carregado: campo (Partida/campo.js)
2026-06-13T21:23:05.887143503Z ✅ Comando carregado: chute (Partida/chute.js)
2026-06-13T21:23:05.887908994Z ✅ Comando carregado: cruzamento (Partida/cruzamento.js)
2026-06-13T21:23:05.887956527Z ✅ Comando carregado: defender (Partida/defender.js)
2026-06-13T21:23:05.888710360Z ✅ Comando carregado: dominar (Partida/dominar.js)
2026-06-13T21:23:05.889369615Z ✅ Comando carregado: driblar (Partida/driblar.js)
2026-06-13T21:23:05.889843046Z ✅ Comando carregado: entrar (Partida/entrar.js)
2026-06-13T21:23:05.890938753Z ✅ Comando carregado: finalizar (Partida/finalizar.js)
2026-06-13T21:23:05.891550817Z ✅ Comando carregado: interceptar (Partida/interceptar.js)
2026-06-13T21:23:05.892214930Z ✅ Comando carregado: marcar (Partida/marcar.js)
2026-06-13T21:23:05.892882468Z ✅ Comando carregado: partida (Partida/partida.js)
2026-06-13T21:23:05.893598297Z ✅ Comando carregado: passe (Partida/passe.js)
2026-06-13T21:23:05.893930748Z ✅ Comando carregado: placar (Partida/placar.js)
2026-06-13T21:23:05.894507904Z ✅ Comando carregado: pontape (Partida/pontape.js)
2026-06-13T21:23:05.894880759Z ✅ Comando carregado: ranking (Partida/ranking.js)
2026-06-13T21:23:05.895574276Z ✅ Comando carregado: desarmar (Partida/roubarbola.js)
2026-06-13T21:23:05.895994684Z ✅ Comando carregado: statusjogo (Partida/statusjogo.js)
2026-06-13T21:23:05.899097867Z ✅ Comando carregado: testar (Partida/testar.js)
2026-06-13T21:23:05.900129370Z ✅ Comando carregado: velocidade (Partida/velocidade.js)
2026-06-13T21:23:05.901619539Z ✅ Habilidades carregadas com sucesso!
2026-06-13T21:23:05.901633122Z ✅ Comando carregado: roll (Rolls/rollestilo.js)
2026-06-13T21:23:05.901636159Z 📦 Total de comandos carregados: 39
2026-06-13T21:23:05.904004479Z ✅ Evento carregado: guildMemberRemove
2026-06-13T21:23:05.904842896Z ✅ Evento carregado: messageCreate
2026-06-13T21:23:05.905355986Z ✅ Evento carregado: ready
2026-06-13T21:23:06.375688789Z ✅ Bot online! Logado como ✦﹒Rin Itoshi﹒❄#7066
2026-06-13T21:23:06.375986422Z (node:11) DeprecationWarning: The ready event has been renamed to clientReady to distinguish it from the gateway READY event and will only emit under that name in v15. Please use clientReady instead.
2026-06-13T21:23:06.376009948Z (Use `node --trace-deprecation ...` to show where the warning was created)
2026-06-13T21:23:16.520502501Z ═══════════════════════════════════
2026-06-13T21:23:16.520523502Z 📋 Buscando habilidades nos cargos de dezinhoz...
2026-06-13T21:23:16.520526972Z 📋 Total de cargos: 25
2026-06-13T21:23:16.520529288Z 📋 Total de habilidades no sistema: 84
2026-06-13T21:23:16.521497263Z   ✅ ENCONTRADA: 🔘 Kaiser Impact (kaiserImpact) | Cargo: "๑˚  ꒱꒱  Kaiser Impact Magnus    ⏜ ︵"
2026-06-13T21:23:16.521552455Z   ✅ ENCONTRADA: ↪️ Kaiser Impact Magnus (kaiserImpactMagnus) | Cargo: "๑˚  ꒱꒱  Kaiser Impact Magnus    ⏜ ︵"
2026-06-13T21:23:16.522160897Z 🔍 Total de habilidades encontradas: 2
2026-06-13T21:23:16.522172290Z ═══════════════════════════════════
2026-06-13T21:23:19.499491782Z ✅ 84 armas/habilidades carregadas!
2026-06-13T21:23:25.650694118Z ✅ 84 armas/habilidades carregadas!
2026-06-13T21:23:35.977717211Z ═══════════════════════════════════
2026-06-13T21:23:35.977740509Z 📋 Buscando habilidades nos cargos de dezinhoz...
2026-06-13T21:23:35.977744086Z 📋 Total de cargos: 25
2026-06-13T21:23:35.977746500Z 📋 Total de habilidades no sistema: 84
2026-06-13T21:23:35.977916290Z   ✅ ENCONTRADA: 💥 Kaiser Bike (kaiserBike) | Cargo: "๑˚  ꒱꒱  Kaiser Bike    ⏜ ︵ ₊⊹"
2026-06-13T21:23:35.978490902Z 🔍 Total de habilidades encontradas: 1
2026-06-13T21:23:35.978501732Z ═══════════════════════════════════
2026-06-13T21:23:37.019417269Z ✅ 84 armas/habilidades carregadas!
2026-06-13T21:25:47.977458301Z ✅ 84 armas/habilidades carregadas!